CRITICAL - 2020-11-23 04:55:50 --> count(): Parameter must be an array or an object that implements Countable
#0 C:\xampp\htdocs\artwork\app\Views\menus\create.php(34): CodeIgniter\Debug\Exceptions->errorHandler(2, 'count(): Parame...', 'C:\\xampp\\htdocs...', 34, Array)
#1 C:\xampp\htdocs\artwork\vendor\codeigniter4\framework\system\View\View.php(246): include('C:\\xampp\\htdocs...')
#2 C:\xampp\htdocs\artwork\vendor\codeigniter4\framework\system\Common.php(1119): CodeIgniter\View\View->render('menus/create', Array, true)
#3 C:\xampp\htdocs\artwork\app\Controllers\Home.php(16): view('menus/create')
#4 C:\xampp\htdocs\artwork\vendor\codeigniter4\framework\system\CodeIgniter.php(918): App\Controllers\Home->menuCreate()
#5 C:\xampp\htdocs\artwork\vendor\codeigniter4\framework\system\CodeIgniter.php(404): CodeIgniter\CodeIgniter->runController(Object(App\Controllers\Home))
#6 C:\xampp\htdocs\artwork\vendor\codeigniter4\framework\system\CodeIgniter.php(312): CodeIgniter\CodeIgniter->handleRequest(NULL, Object(Config\Cache), false)
#7 C:\xampp\htdocs\artwork\public\index.php(45): CodeIgniter\CodeIgniter->run()
#8 {main}
CRITICAL - 2020-11-23 05:03:47 --> count(): Parameter must be an array or an object that implements Countable
#0 C:\xampp\htdocs\artwork\app\Views\menus\create.php(33): CodeIgniter\Debug\Exceptions->errorHandler(2, 'count(): Parame...', 'C:\\xampp\\htdocs...', 33, Array)
#1 C:\xampp\htdocs\artwork\vendor\codeigniter4\framework\system\View\View.php(246): include('C:\\xampp\\htdocs...')
#2 C:\xampp\htdocs\artwork\vendor\codeigniter4\framework\system\Common.php(1119): CodeIgniter\View\View->render('menus/create', Array, true)
#3 C:\xampp\htdocs\artwork\app\Controllers\Home.php(21): view('menus/create')
#4 C:\xampp\htdocs\artwork\vendor\codeigniter4\framework\system\CodeIgniter.php(918): App\Controllers\Home->menuCreate()
#5 C:\xampp\htdocs\artwork\vendor\codeigniter4\framework\system\CodeIgniter.php(404): CodeIgniter\CodeIgniter->runController(Object(App\Controllers\Home))
#6 C:\xampp\htdocs\artwork\vendor\codeigniter4\framework\system\CodeIgniter.php(312): CodeIgniter\CodeIgniter->handleRequest(NULL, Object(Config\Cache), false)
#7 C:\xampp\htdocs\artwork\public\index.php(45): CodeIgniter\CodeIgniter->run()
#8 {main}
CRITICAL - 2020-11-23 05:04:25 --> count(): Parameter must be an array or an object that implements Countable
#0 C:\xampp\htdocs\artwork\app\Views\menus\create.php(33): CodeIgniter\Debug\Exceptions->errorHandler(2, 'count(): Parame...', 'C:\\xampp\\htdocs...', 33, Array)
#1 C:\xampp\htdocs\artwork\vendor\codeigniter4\framework\system\View\View.php(246): include('C:\\xampp\\htdocs...')
#2 C:\xampp\htdocs\artwork\vendor\codeigniter4\framework\system\Common.php(1119): CodeIgniter\View\View->render('menus/create', Array, true)
#3 C:\xampp\htdocs\artwork\app\Controllers\Home.php(24): view('menus/create')
#4 C:\xampp\htdocs\artwork\vendor\codeigniter4\framework\system\CodeIgniter.php(918): App\Controllers\Home->menuCreate()
#5 C:\xampp\htdocs\artwork\vendor\codeigniter4\framework\system\CodeIgniter.php(404): CodeIgniter\CodeIgniter->runController(Object(App\Controllers\Home))
#6 C:\xampp\htdocs\artwork\vendor\codeigniter4\framework\system\CodeIgniter.php(312): CodeIgniter\CodeIgniter->handleRequest(NULL, Object(Config\Cache), false)
#7 C:\xampp\htdocs\artwork\public\index.php(45): CodeIgniter\CodeIgniter->run()
#8 {main}
CRITICAL - 2020-11-23 05:04:28 --> count(): Parameter must be an array or an object that implements Countable
#0 C:\xampp\htdocs\artwork\app\Views\menus\create.php(33): CodeIgniter\Debug\Exceptions->errorHandler(2, 'count(): Parame...', 'C:\\xampp\\htdocs...', 33, Array)
#1 C:\xampp\htdocs\artwork\vendor\codeigniter4\framework\system\View\View.php(246): include('C:\\xampp\\htdocs...')
#2 C:\xampp\htdocs\artwork\vendor\codeigniter4\framework\system\Common.php(1119): CodeIgniter\View\View->render('menus/create', Array, true)
#3 C:\xampp\htdocs\artwork\app\Controllers\Home.php(24): view('menus/create')
#4 C:\xampp\htdocs\artwork\vendor\codeigniter4\framework\system\CodeIgniter.php(918): App\Controllers\Home->menuCreate()
#5 C:\xampp\htdocs\artwork\vendor\codeigniter4\framework\system\CodeIgniter.php(404): CodeIgniter\CodeIgniter->runController(Object(App\Controllers\Home))
#6 C:\xampp\htdocs\artwork\vendor\codeigniter4\framework\system\CodeIgniter.php(312): CodeIgniter\CodeIgniter->handleRequest(NULL, Object(Config\Cache), false)
#7 C:\xampp\htdocs\artwork\public\index.php(45): CodeIgniter\CodeIgniter->run()
#8 {main}
CRITICAL - 2020-11-23 05:05:36 --> count(): Parameter must be an array or an object that implements Countable
#0 C:\xampp\htdocs\artwork\app\Views\menus\create.php(33): CodeIgniter\Debug\Exceptions->errorHandler(2, 'count(): Parame...', 'C:\\xampp\\htdocs...', 33, Array)
#1 C:\xampp\htdocs\artwork\vendor\codeigniter4\framework\system\View\View.php(246): include('C:\\xampp\\htdocs...')
#2 C:\xampp\htdocs\artwork\vendor\codeigniter4\framework\system\Common.php(1119): CodeIgniter\View\View->render('menus/create', Array, true)
#3 C:\xampp\htdocs\artwork\app\Controllers\Home.php(24): view('menus/create')
#4 C:\xampp\htdocs\artwork\vendor\codeigniter4\framework\system\CodeIgniter.php(918): App\Controllers\Home->menuCreate()
#5 C:\xampp\htdocs\artwork\vendor\codeigniter4\framework\system\CodeIgniter.php(404): CodeIgniter\CodeIgniter->runController(Object(App\Controllers\Home))
#6 C:\xampp\htdocs\artwork\vendor\codeigniter4\framework\system\CodeIgniter.php(312): CodeIgniter\CodeIgniter->handleRequest(NULL, Object(Config\Cache), false)
#7 C:\xampp\htdocs\artwork\public\index.php(45): CodeIgniter\CodeIgniter->run()
#8 {main}
CRITICAL - 2020-11-23 05:05:38 --> count(): Parameter must be an array or an object that implements Countable
#0 C:\xampp\htdocs\artwork\app\Views\menus\create.php(33): CodeIgniter\Debug\Exceptions->errorHandler(2, 'count(): Parame...', 'C:\\xampp\\htdocs...', 33, Array)
#1 C:\xampp\htdocs\artwork\vendor\codeigniter4\framework\system\View\View.php(246): include('C:\\xampp\\htdocs...')
#2 C:\xampp\htdocs\artwork\vendor\codeigniter4\framework\system\Common.php(1119): CodeIgniter\View\View->render('menus/create', Array, true)
#3 C:\xampp\htdocs\artwork\app\Controllers\Home.php(24): view('menus/create')
#4 C:\xampp\htdocs\artwork\vendor\codeigniter4\framework\system\CodeIgniter.php(918): App\Controllers\Home->menuCreate()
#5 C:\xampp\htdocs\artwork\vendor\codeigniter4\framework\system\CodeIgniter.php(404): CodeIgniter\CodeIgniter->runController(Object(App\Controllers\Home))
#6 C:\xampp\htdocs\artwork\vendor\codeigniter4\framework\system\CodeIgniter.php(312): CodeIgniter\CodeIgniter->handleRequest(NULL, Object(Config\Cache), false)
#7 C:\xampp\htdocs\artwork\public\index.php(45): CodeIgniter\CodeIgniter->run()
#8 {main}
CRITICAL - 2020-11-23 05:06:55 --> count(): Parameter must be an array or an object that implements Countable
#0 C:\xampp\htdocs\artwork\app\Views\menus\create.php(33): CodeIgniter\Debug\Exceptions->errorHandler(2, 'count(): Parame...', 'C:\\xampp\\htdocs...', 33, Array)
#1 C:\xampp\htdocs\artwork\vendor\codeigniter4\framework\system\View\View.php(246): include('C:\\xampp\\htdocs...')
#2 C:\xampp\htdocs\artwork\vendor\codeigniter4\framework\system\Common.php(1119): CodeIgniter\View\View->render('menus/create', Array, true)
#3 C:\xampp\htdocs\artwork\app\Controllers\Home.php(24): view('menus/create')
#4 C:\xampp\htdocs\artwork\vendor\codeigniter4\framework\system\CodeIgniter.php(918): App\Controllers\Home->menuCreate()
#5 C:\xampp\htdocs\artwork\vendor\codeigniter4\framework\system\CodeIgniter.php(404): CodeIgniter\CodeIgniter->runController(Object(App\Controllers\Home))
#6 C:\xampp\htdocs\artwork\vendor\codeigniter4\framework\system\CodeIgniter.php(312): CodeIgniter\CodeIgniter->handleRequest(NULL, Object(Config\Cache), false)
#7 C:\xampp\htdocs\artwork\public\index.php(45): CodeIgniter\CodeIgniter->run()
#8 {main}
CRITICAL - 2020-11-23 05:06:58 --> count(): Parameter must be an array or an object that implements Countable
#0 C:\xampp\htdocs\artwork\app\Views\menus\create.php(33): CodeIgniter\Debug\Exceptions->errorHandler(2, 'count(): Parame...', 'C:\\xampp\\htdocs...', 33, Array)
#1 C:\xampp\htdocs\artwork\vendor\codeigniter4\framework\system\View\View.php(246): include('C:\\xampp\\htdocs...')
#2 C:\xampp\htdocs\artwork\vendor\codeigniter4\framework\system\Common.php(1119): CodeIgniter\View\View->render('menus/create', Array, true)
#3 C:\xampp\htdocs\artwork\app\Controllers\Home.php(24): view('menus/create')
#4 C:\xampp\htdocs\artwork\vendor\codeigniter4\framework\system\CodeIgniter.php(918): App\Controllers\Home->menuCreate()
#5 C:\xampp\htdocs\artwork\vendor\codeigniter4\framework\system\CodeIgniter.php(404): CodeIgniter\CodeIgniter->runController(Object(App\Controllers\Home))
#6 C:\xampp\htdocs\artwork\vendor\codeigniter4\framework\system\CodeIgniter.php(312): CodeIgniter\CodeIgniter->handleRequest(NULL, Object(Config\Cache), false)
#7 C:\xampp\htdocs\artwork\public\index.php(45): CodeIgniter\CodeIgniter->run()
#8 {main}
CRITICAL - 2020-11-23 05:07:33 --> count(): Parameter must be an array or an object that implements Countable
#0 C:\xampp\htdocs\artwork\app\Views\menus\create.php(33): CodeIgniter\Debug\Exceptions->errorHandler(2, 'count(): Parame...', 'C:\\xampp\\htdocs...', 33, Array)
#1 C:\xampp\htdocs\artwork\vendor\codeigniter4\framework\system\View\View.php(246): include('C:\\xampp\\htdocs...')
#2 C:\xampp\htdocs\artwork\vendor\codeigniter4\framework\system\Common.php(1119): CodeIgniter\View\View->render('menus/create', Array, true)
#3 C:\xampp\htdocs\artwork\app\Controllers\Home.php(26): view('menus/create')
#4 C:\xampp\htdocs\artwork\vendor\codeigniter4\framework\system\CodeIgniter.php(918): App\Controllers\Home->menuCreate()
#5 C:\xampp\htdocs\artwork\vendor\codeigniter4\framework\system\CodeIgniter.php(404): CodeIgniter\CodeIgniter->runController(Object(App\Controllers\Home))
#6 C:\xampp\htdocs\artwork\vendor\codeigniter4\framework\system\CodeIgniter.php(312): CodeIgniter\CodeIgniter->handleRequest(NULL, Object(Config\Cache), false)
#7 C:\xampp\htdocs\artwork\public\index.php(45): CodeIgniter\CodeIgniter->run()
#8 {main}
CRITICAL - 2020-11-23 05:07:35 --> count(): Parameter must be an array or an object that implements Countable
#0 C:\xampp\htdocs\artwork\app\Views\menus\create.php(33): CodeIgniter\Debug\Exceptions->errorHandler(2, 'count(): Parame...', 'C:\\xampp\\htdocs...', 33, Array)
#1 C:\xampp\htdocs\artwork\vendor\codeigniter4\framework\system\View\View.php(246): include('C:\\xampp\\htdocs...')
#2 C:\xampp\htdocs\artwork\vendor\codeigniter4\framework\system\Common.php(1119): CodeIgniter\View\View->render('menus/create', Array, true)
#3 C:\xampp\htdocs\artwork\app\Controllers\Home.php(26): view('menus/create')
#4 C:\xampp\htdocs\artwork\vendor\codeigniter4\framework\system\CodeIgniter.php(918): App\Controllers\Home->menuCreate()
#5 C:\xampp\htdocs\artwork\vendor\codeigniter4\framework\system\CodeIgniter.php(404): CodeIgniter\CodeIgniter->runController(Object(App\Controllers\Home))
#6 C:\xampp\htdocs\artwork\vendor\codeigniter4\framework\system\CodeIgniter.php(312): CodeIgniter\CodeIgniter->handleRequest(NULL, Object(Config\Cache), false)
#7 C:\xampp\htdocs\artwork\public\index.php(45): CodeIgniter\CodeIgniter->run()
#8 {main}
CRITICAL - 2020-11-23 05:07:50 --> count(): Parameter must be an array or an object that implements Countable
#0 C:\xampp\htdocs\artwork\app\Views\menus\create.php(33): CodeIgniter\Debug\Exceptions->errorHandler(2, 'count(): Parame...', 'C:\\xampp\\htdocs...', 33, Array)
#1 C:\xampp\htdocs\artwork\vendor\codeigniter4\framework\system\View\View.php(246): include('C:\\xampp\\htdocs...')
#2 C:\xampp\htdocs\artwork\vendor\codeigniter4\framework\system\Common.php(1119): CodeIgniter\View\View->render('menus/create', Array, true)
#3 C:\xampp\htdocs\artwork\app\Controllers\Home.php(26): view('menus/create')
#4 C:\xampp\htdocs\artwork\vendor\codeigniter4\framework\system\CodeIgniter.php(918): App\Controllers\Home->menuCreate()
#5 C:\xampp\htdocs\artwork\vendor\codeigniter4\framework\system\CodeIgniter.php(404): CodeIgniter\CodeIgniter->runController(Object(App\Controllers\Home))
#6 C:\xampp\htdocs\artwork\vendor\codeigniter4\framework\system\CodeIgniter.php(312): CodeIgniter\CodeIgniter->handleRequest(NULL, Object(Config\Cache), false)
#7 C:\xampp\htdocs\artwork\public\index.php(45): CodeIgniter\CodeIgniter->run()
#8 {main}
CRITICAL - 2020-11-23 05:07:51 --> count(): Parameter must be an array or an object that implements Countable
#0 C:\xampp\htdocs\artwork\app\Views\menus\create.php(33): CodeIgniter\Debug\Exceptions->errorHandler(2, 'count(): Parame...', 'C:\\xampp\\htdocs...', 33, Array)
#1 C:\xampp\htdocs\artwork\vendor\codeigniter4\framework\system\View\View.php(246): include('C:\\xampp\\htdocs...')
#2 C:\xampp\htdocs\artwork\vendor\codeigniter4\framework\system\Common.php(1119): CodeIgniter\View\View->render('menus/create', Array, true)
#3 C:\xampp\htdocs\artwork\app\Controllers\Home.php(26): view('menus/create')
#4 C:\xampp\htdocs\artwork\vendor\codeigniter4\framework\system\CodeIgniter.php(918): App\Controllers\Home->menuCreate()
#5 C:\xampp\htdocs\artwork\vendor\codeigniter4\framework\system\CodeIgniter.php(404): CodeIgniter\CodeIgniter->runController(Object(App\Controllers\Home))
#6 C:\xampp\htdocs\artwork\vendor\codeigniter4\framework\system\CodeIgniter.php(312): CodeIgniter\CodeIgniter->handleRequest(NULL, Object(Config\Cache), false)
#7 C:\xampp\htdocs\artwork\public\index.php(45): CodeIgniter\CodeIgniter->run()
#8 {main}
CRITICAL - 2020-11-23 05:07:53 --> count(): Parameter must be an array or an object that implements Countable
#0 C:\xampp\htdocs\artwork\app\Views\menus\create.php(33): CodeIgniter\Debug\Exceptions->errorHandler(2, 'count(): Parame...', 'C:\\xampp\\htdocs...', 33, Array)
#1 C:\xampp\htdocs\artwork\vendor\codeigniter4\framework\system\View\View.php(246): include('C:\\xampp\\htdocs...')
#2 C:\xampp\htdocs\artwork\vendor\codeigniter4\framework\system\Common.php(1119): CodeIgniter\View\View->render('menus/create', Array, true)
#3 C:\xampp\htdocs\artwork\app\Controllers\Home.php(26): view('menus/create')
#4 C:\xampp\htdocs\artwork\vendor\codeigniter4\framework\system\CodeIgniter.php(918): App\Controllers\Home->menuCreate()
#5 C:\xampp\htdocs\artwork\vendor\codeigniter4\framework\system\CodeIgniter.php(404): CodeIgniter\CodeIgniter->runController(Object(App\Controllers\Home))
#6 C:\xampp\htdocs\artwork\vendor\codeigniter4\framework\system\CodeIgniter.php(312): CodeIgniter\CodeIgniter->handleRequest(NULL, Object(Config\Cache), false)
#7 C:\xampp\htdocs\artwork\public\index.php(45): CodeIgniter\CodeIgniter->run()
#8 {main}
CRITICAL - 2020-11-23 05:08:07 --> count(): Parameter must be an array or an object that implements Countable
#0 C:\xampp\htdocs\artwork\app\Views\menus\create.php(33): CodeIgniter\Debug\Exceptions->errorHandler(2, 'count(): Parame...', 'C:\\xampp\\htdocs...', 33, Array)
#1 C:\xampp\htdocs\artwork\vendor\codeigniter4\framework\system\View\View.php(246): include('C:\\xampp\\htdocs...')
#2 C:\xampp\htdocs\artwork\vendor\codeigniter4\framework\system\Common.php(1119): CodeIgniter\View\View->render('menus/create', Array, true)
#3 C:\xampp\htdocs\artwork\app\Controllers\Home.php(26): view('menus/create')
#4 C:\xampp\htdocs\artwork\vendor\codeigniter4\framework\system\CodeIgniter.php(918): App\Controllers\Home->menuCreate()
#5 C:\xampp\htdocs\artwork\vendor\codeigniter4\framework\system\CodeIgniter.php(404): CodeIgniter\CodeIgniter->runController(Object(App\Controllers\Home))
#6 C:\xampp\htdocs\artwork\vendor\codeigniter4\framework\system\CodeIgniter.php(312): CodeIgniter\CodeIgniter->handleRequest(NULL, Object(Config\Cache), false)
#7 C:\xampp\htdocs\artwork\public\index.php(45): CodeIgniter\CodeIgniter->run()
#8 {main}
CRITICAL - 2020-11-23 05:08:20 --> count(): Parameter must be an array or an object that implements Countable
#0 C:\xampp\htdocs\artwork\app\Views\menus\create.php(33): CodeIgniter\Debug\Exceptions->errorHandler(2, 'count(): Parame...', 'C:\\xampp\\htdocs...', 33, Array)
#1 C:\xampp\htdocs\artwork\vendor\codeigniter4\framework\system\View\View.php(246): include('C:\\xampp\\htdocs...')
#2 C:\xampp\htdocs\artwork\vendor\codeigniter4\framework\system\Common.php(1119): CodeIgniter\View\View->render('menus/create', Array, true)
#3 C:\xampp\htdocs\artwork\app\Controllers\Home.php(22): view('menus/create')
#4 C:\xampp\htdocs\artwork\vendor\codeigniter4\framework\system\CodeIgniter.php(918): App\Controllers\Home->menuCreate()
#5 C:\xampp\htdocs\artwork\vendor\codeigniter4\framework\system\CodeIgniter.php(404): CodeIgniter\CodeIgniter->runController(Object(App\Controllers\Home))
#6 C:\xampp\htdocs\artwork\vendor\codeigniter4\framework\system\CodeIgniter.php(312): CodeIgniter\CodeIgniter->handleRequest(NULL, Object(Config\Cache), false)
#7 C:\xampp\htdocs\artwork\public\index.php(45): CodeIgniter\CodeIgniter->run()
#8 {main}
CRITICAL - 2020-11-23 05:08:22 --> count(): Parameter must be an array or an object that implements Countable
#0 C:\xampp\htdocs\artwork\app\Views\menus\create.php(33): CodeIgniter\Debug\Exceptions->errorHandler(2, 'count(): Parame...', 'C:\\xampp\\htdocs...', 33, Array)
#1 C:\xampp\htdocs\artwork\vendor\codeigniter4\framework\system\View\View.php(246): include('C:\\xampp\\htdocs...')
#2 C:\xampp\htdocs\artwork\vendor\codeigniter4\framework\system\Common.php(1119): CodeIgniter\View\View->render('menus/create', Array, true)
#3 C:\xampp\htdocs\artwork\app\Controllers\Home.php(22): view('menus/create')
#4 C:\xampp\htdocs\artwork\vendor\codeigniter4\framework\system\CodeIgniter.php(918): App\Controllers\Home->menuCreate()
#5 C:\xampp\htdocs\artwork\vendor\codeigniter4\framework\system\CodeIgniter.php(404): CodeIgniter\CodeIgniter->runController(Object(App\Controllers\Home))
#6 C:\xampp\htdocs\artwork\vendor\codeigniter4\framework\system\CodeIgniter.php(312): CodeIgniter\CodeIgniter->handleRequest(NULL, Object(Config\Cache), false)
#7 C:\xampp\htdocs\artwork\public\index.php(45): CodeIgniter\CodeIgniter->run()
#8 {main}
CRITICAL - 2020-11-23 05:08:39 --> count(): Parameter must be an array or an object that implements Countable
#0 C:\xampp\htdocs\artwork\app\Views\menus\create.php(33): CodeIgniter\Debug\Exceptions->errorHandler(2, 'count(): Parame...', 'C:\\xampp\\htdocs...', 33, Array)
#1 C:\xampp\htdocs\artwork\vendor\codeigniter4\framework\system\View\View.php(246): include('C:\\xampp\\htdocs...')
#2 C:\xampp\htdocs\artwork\vendor\codeigniter4\framework\system\Common.php(1119): CodeIgniter\View\View->render('menus/create', Array, true)
#3 C:\xampp\htdocs\artwork\app\Controllers\Home.php(26): view('menus/create')
#4 C:\xampp\htdocs\artwork\vendor\codeigniter4\framework\system\CodeIgniter.php(918): App\Controllers\Home->menuCreate()
#5 C:\xampp\htdocs\artwork\vendor\codeigniter4\framework\system\CodeIgniter.php(404): CodeIgniter\CodeIgniter->runController(Object(App\Controllers\Home))
#6 C:\xampp\htdocs\artwork\vendor\codeigniter4\framework\system\CodeIgniter.php(312): CodeIgniter\CodeIgniter->handleRequest(NULL, Object(Config\Cache), false)
#7 C:\xampp\htdocs\artwork\public\index.php(45): CodeIgniter\CodeIgniter->run()
#8 {main}
CRITICAL - 2020-11-23 05:08:42 --> count(): Parameter must be an array or an object that implements Countable
#0 C:\xampp\htdocs\artwork\app\Views\menus\create.php(33): CodeIgniter\Debug\Exceptions->errorHandler(2, 'count(): Parame...', 'C:\\xampp\\htdocs...', 33, Array)
#1 C:\xampp\htdocs\artwork\vendor\codeigniter4\framework\system\View\View.php(246): include('C:\\xampp\\htdocs...')
#2 C:\xampp\htdocs\artwork\vendor\codeigniter4\framework\system\Common.php(1119): CodeIgniter\View\View->render('menus/create', Array, true)
#3 C:\xampp\htdocs\artwork\app\Controllers\Home.php(26): view('menus/create')
#4 C:\xampp\htdocs\artwork\vendor\codeigniter4\framework\system\CodeIgniter.php(918): App\Controllers\Home->menuCreate()
#5 C:\xampp\htdocs\artwork\vendor\codeigniter4\framework\system\CodeIgniter.php(404): CodeIgniter\CodeIgniter->runController(Object(App\Controllers\Home))
#6 C:\xampp\htdocs\artwork\vendor\codeigniter4\framework\system\CodeIgniter.php(312): CodeIgniter\CodeIgniter->handleRequest(NULL, Object(Config\Cache), false)
#7 C:\xampp\htdocs\artwork\public\index.php(45): CodeIgniter\CodeIgniter->run()
#8 {main}
CRITICAL - 2020-11-23 05:10:14 --> count(): Parameter must be an array or an object that implements Countable
#0 C:\xampp\htdocs\artwork\app\Views\menus\create.php(33): CodeIgniter\Debug\Exceptions->errorHandler(2, 'count(): Parame...', 'C:\\xampp\\htdocs...', 33, Array)
#1 C:\xampp\htdocs\artwork\vendor\codeigniter4\framework\system\View\View.php(246): include('C:\\xampp\\htdocs...')
#2 C:\xampp\htdocs\artwork\vendor\codeigniter4\framework\system\Common.php(1119): CodeIgniter\View\View->render('menus/create', Array, true)
#3 C:\xampp\htdocs\artwork\app\Controllers\Home.php(25): view('menus/create')
#4 C:\xampp\htdocs\artwork\vendor\codeigniter4\framework\system\CodeIgniter.php(918): App\Controllers\Home->menuCreate()
#5 C:\xampp\htdocs\artwork\vendor\codeigniter4\framework\system\CodeIgniter.php(404): CodeIgniter\CodeIgniter->runController(Object(App\Controllers\Home))
#6 C:\xampp\htdocs\artwork\vendor\codeigniter4\framework\system\CodeIgniter.php(312): CodeIgniter\CodeIgniter->handleRequest(NULL, Object(Config\Cache), false)
#7 C:\xampp\htdocs\artwork\public\index.php(45): CodeIgniter\CodeIgniter->run()
#8 {main}
CRITICAL - 2020-11-23 05:10:16 --> count(): Parameter must be an array or an object that implements Countable
#0 C:\xampp\htdocs\artwork\app\Views\menus\create.php(33): CodeIgniter\Debug\Exceptions->errorHandler(2, 'count(): Parame...', 'C:\\xampp\\htdocs...', 33, Array)
#1 C:\xampp\htdocs\artwork\vendor\codeigniter4\framework\system\View\View.php(246): include('C:\\xampp\\htdocs...')
#2 C:\xampp\htdocs\artwork\vendor\codeigniter4\framework\system\Common.php(1119): CodeIgniter\View\View->render('menus/create', Array, true)
#3 C:\xampp\htdocs\artwork\app\Controllers\Home.php(25): view('menus/create')
#4 C:\xampp\htdocs\artwork\vendor\codeigniter4\framework\system\CodeIgniter.php(918): App\Controllers\Home->menuCreate()
#5 C:\xampp\htdocs\artwork\vendor\codeigniter4\framework\system\CodeIgniter.php(404): CodeIgniter\CodeIgniter->runController(Object(App\Controllers\Home))
#6 C:\xampp\htdocs\artwork\vendor\codeigniter4\framework\system\CodeIgniter.php(312): CodeIgniter\CodeIgniter->handleRequest(NULL, Object(Config\Cache), false)
#7 C:\xampp\htdocs\artwork\public\index.php(45): CodeIgniter\CodeIgniter->run()
#8 {main}
CRITICAL - 2020-11-23 05:10:40 --> count(): Parameter must be an array or an object that implements Countable
#0 C:\xampp\htdocs\artwork\app\Views\menus\create.php(33): CodeIgniter\Debug\Exceptions->errorHandler(2, 'count(): Parame...', 'C:\\xampp\\htdocs...', 33, Array)
#1 C:\xampp\htdocs\artwork\vendor\codeigniter4\framework\system\View\View.php(246): include('C:\\xampp\\htdocs...')
#2 C:\xampp\htdocs\artwork\vendor\codeigniter4\framework\system\Common.php(1119): CodeIgniter\View\View->render('menus/create', Array, true)
#3 C:\xampp\htdocs\artwork\app\Controllers\Home.php(25): view('menus/create')
#4 C:\xampp\htdocs\artwork\vendor\codeigniter4\framework\system\CodeIgniter.php(918): App\Controllers\Home->menuCreate()
#5 C:\xampp\htdocs\artwork\vendor\codeigniter4\framework\system\CodeIgniter.php(404): CodeIgniter\CodeIgniter->runController(Object(App\Controllers\Home))
#6 C:\xampp\htdocs\artwork\vendor\codeigniter4\framework\system\CodeIgniter.php(312): CodeIgniter\CodeIgniter->handleRequest(NULL, Object(Config\Cache), false)
#7 C:\xampp\htdocs\artwork\public\index.php(45): CodeIgniter\CodeIgniter->run()
#8 {main}
CRITICAL - 2020-11-23 05:10:54 --> count(): Parameter must be an array or an object that implements Countable
#0 C:\xampp\htdocs\artwork\app\Views\menus\create.php(33): CodeIgniter\Debug\Exceptions->errorHandler(2, 'count(): Parame...', 'C:\\xampp\\htdocs...', 33, Array)
#1 C:\xampp\htdocs\artwork\vendor\codeigniter4\framework\system\View\View.php(246): include('C:\\xampp\\htdocs...')
#2 C:\xampp\htdocs\artwork\vendor\codeigniter4\framework\system\Common.php(1119): CodeIgniter\View\View->render('menus/create', Array, true)
#3 C:\xampp\htdocs\artwork\app\Controllers\Home.php(25): view('menus/create')
#4 C:\xampp\htdocs\artwork\vendor\codeigniter4\framework\system\CodeIgniter.php(918): App\Controllers\Home->menuCreate()
#5 C:\xampp\htdocs\artwork\vendor\codeigniter4\framework\system\CodeIgniter.php(404): CodeIgniter\CodeIgniter->runController(Object(App\Controllers\Home))
#6 C:\xampp\htdocs\artwork\vendor\codeigniter4\framework\system\CodeIgniter.php(312): CodeIgniter\CodeIgniter->handleRequest(NULL, Object(Config\Cache), false)
#7 C:\xampp\htdocs\artwork\public\index.php(45): CodeIgniter\CodeIgniter->run()
#8 {main}
CRITICAL - 2020-11-23 05:11:47 --> Class 'App\Models\MenusModel' not found
#0 C:\xampp\htdocs\artwork\vendor\codeigniter4\framework\system\CodeIgniter.php(918): App\Controllers\Home->menuCreate()
#1 C:\xampp\htdocs\artwork\vendor\codeigniter4\framework\system\CodeIgniter.php(404): CodeIgniter\CodeIgniter->runController(Object(App\Controllers\Home))
#2 C:\xampp\htdocs\artwork\vendor\codeigniter4\framework\system\CodeIgniter.php(312): CodeIgniter\CodeIgniter->handleRequest(NULL, Object(Config\Cache), false)
#3 C:\xampp\htdocs\artwork\public\index.php(45): CodeIgniter\CodeIgniter->run()
#4 {main}
CRITICAL - 2020-11-23 05:12:22 --> Class 'App\Models\MenusModel' not found
#0 C:\xampp\htdocs\artwork\vendor\codeigniter4\framework\system\CodeIgniter.php(918): App\Controllers\Home->menuCreate()
#1 C:\xampp\htdocs\artwork\vendor\codeigniter4\framework\system\CodeIgniter.php(404): CodeIgniter\CodeIgniter->runController(Object(App\Controllers\Home))
#2 C:\xampp\htdocs\artwork\vendor\codeigniter4\framework\system\CodeIgniter.php(312): CodeIgniter\CodeIgniter->handleRequest(NULL, Object(Config\Cache), false)
#3 C:\xampp\htdocs\artwork\public\index.php(45): CodeIgniter\CodeIgniter->run()
#4 {main}
CRITICAL - 2020-11-23 05:14:16 --> Class 'App\Models\MenusModel' not found
#0 C:\xampp\htdocs\artwork\vendor\codeigniter4\framework\system\CodeIgniter.php(918): App\Controllers\Home->menuCreate()
#1 C:\xampp\htdocs\artwork\vendor\codeigniter4\framework\system\CodeIgniter.php(404): CodeIgniter\CodeIgniter->runController(Object(App\Controllers\Home))
#2 C:\xampp\htdocs\artwork\vendor\codeigniter4\framework\system\CodeIgniter.php(312): CodeIgniter\CodeIgniter->handleRequest(NULL, Object(Config\Cache), false)
#3 C:\xampp\htdocs\artwork\public\index.php(45): CodeIgniter\CodeIgniter->run()
#4 {main}
CRITICAL - 2020-11-23 05:17:09 --> Class 'App\Models\MenuModel' not found
#0 C:\xampp\htdocs\artwork\vendor\codeigniter4\framework\system\CodeIgniter.php(918): App\Controllers\Home->menuCreate()
#1 C:\xampp\htdocs\artwork\vendor\codeigniter4\framework\system\CodeIgniter.php(404): CodeIgniter\CodeIgniter->runController(Object(App\Controllers\Home))
#2 C:\xampp\htdocs\artwork\vendor\codeigniter4\framework\system\CodeIgniter.php(312): CodeIgniter\CodeIgniter->handleRequest(NULL, Object(Config\Cache), false)
#3 C:\xampp\htdocs\artwork\public\index.php(45): CodeIgniter\CodeIgniter->run()
#4 {main}
CRITICAL - 2020-11-23 05:17:17 --> Class 'App\Models\MenuModel' not found
#0 C:\xampp\htdocs\artwork\vendor\codeigniter4\framework\system\CodeIgniter.php(918): App\Controllers\Home->menuCreate()
#1 C:\xampp\htdocs\artwork\vendor\codeigniter4\framework\system\CodeIgniter.php(404): CodeIgniter\CodeIgniter->runController(Object(App\Controllers\Home))
#2 C:\xampp\htdocs\artwork\vendor\codeigniter4\framework\system\CodeIgniter.php(312): CodeIgniter\CodeIgniter->handleRequest(NULL, Object(Config\Cache), false)
#3 C:\xampp\htdocs\artwork\public\index.php(45): CodeIgniter\CodeIgniter->run()
#4 {main}
CRITICAL - 2020-11-23 05:18:34 --> Class 'App\Models\MenuModel' not found
#0 C:\xampp\htdocs\artwork\vendor\codeigniter4\framework\system\CodeIgniter.php(918): App\Controllers\Home->menuCreate()
#1 C:\xampp\htdocs\artwork\vendor\codeigniter4\framework\system\CodeIgniter.php(404): CodeIgniter\CodeIgniter->runController(Object(App\Controllers\Home))
#2 C:\xampp\htdocs\artwork\vendor\codeigniter4\framework\system\CodeIgniter.php(312): CodeIgniter\CodeIgniter->handleRequest(NULL, Object(Config\Cache), false)
#3 C:\xampp\htdocs\artwork\public\index.php(45): CodeIgniter\CodeIgniter->run()
#4 {main}
CRITICAL - 2020-11-23 05:18:36 --> Class 'App\Models\MenuModel' not found
#0 C:\xampp\htdocs\artwork\vendor\codeigniter4\framework\system\CodeIgniter.php(918): App\Controllers\Home->menuCreate()
#1 C:\xampp\htdocs\artwork\vendor\codeigniter4\framework\system\CodeIgniter.php(404): CodeIgniter\CodeIgniter->runController(Object(App\Controllers\Home))
#2 C:\xampp\htdocs\artwork\vendor\codeigniter4\framework\system\CodeIgniter.php(312): CodeIgniter\CodeIgniter->handleRequest(NULL, Object(Config\Cache), false)
#3 C:\xampp\htdocs\artwork\public\index.php(45): CodeIgniter\CodeIgniter->run()
#4 {main}
CRITICAL - 2020-11-23 05:18:42 --> Class 'App\Models\MenuModel' not found
#0 C:\xampp\htdocs\artwork\vendor\codeigniter4\framework\system\CodeIgniter.php(918): App\Controllers\Home->menuCreate()
#1 C:\xampp\htdocs\artwork\vendor\codeigniter4\framework\system\CodeIgniter.php(404): CodeIgniter\CodeIgniter->runController(Object(App\Controllers\Home))
#2 C:\xampp\htdocs\artwork\vendor\codeigniter4\framework\system\CodeIgniter.php(312): CodeIgniter\CodeIgniter->handleRequest(NULL, Object(Config\Cache), false)
#3 C:\xampp\htdocs\artwork\public\index.php(45): CodeIgniter\CodeIgniter->run()
#4 {main}
CRITICAL - 2020-11-23 05:51:36 --> syntax error, unexpected '->' (T_OBJECT_OPERATOR), expecting ')'
#0 C:\xampp\htdocs\artwork\vendor\codeigniter4\framework\system\Autoloader\Autoloader.php(296): CodeIgniter\Autoloader\Autoloader->requireFile('C:\\xampp\\htdocs...')
#1 C:\xampp\htdocs\artwork\vendor\codeigniter4\framework\system\Autoloader\Autoloader.php(258): CodeIgniter\Autoloader\Autoloader->loadInNamespace('App\\Controllers...')
#2 [internal function]: CodeIgniter\Autoloader\Autoloader->loadClass('App\\Controllers...')
#3 [internal function]: spl_autoload_call('App\\Controllers...')
#4 C:\xampp\htdocs\artwork\vendor\codeigniter4\framework\system\CodeIgniter.php(869): class_exists('\\App\\Controller...', true)
#5 C:\xampp\htdocs\artwork\vendor\codeigniter4\framework\system\CodeIgniter.php(394): CodeIgniter\CodeIgniter->startController()
#6 C:\xampp\htdocs\artwork\vendor\codeigniter4\framework\system\CodeIgniter.php(312): CodeIgniter\CodeIgniter->handleRequest(NULL, Object(Config\Cache), false)
#7 C:\xampp\htdocs\artwork\public\index.php(45): CodeIgniter\CodeIgniter->run()
#8 {main}
CRITICAL - 2020-11-23 05:52:00 --> Call to undefined method CodeIgniter\HTTP\IncomingRequest::all()
#0 C:\xampp\htdocs\artwork\vendor\codeigniter4\framework\system\CodeIgniter.php(918): App\Controllers\Home->menuStore()
#1 C:\xampp\htdocs\artwork\vendor\codeigniter4\framework\system\CodeIgniter.php(404): CodeIgniter\CodeIgniter->runController(Object(App\Controllers\Home))
#2 C:\xampp\htdocs\artwork\vendor\codeigniter4\framework\system\CodeIgniter.php(312): CodeIgniter\CodeIgniter->handleRequest(NULL, Object(Config\Cache), false)
#3 C:\xampp\htdocs\artwork\public\index.php(45): CodeIgniter\CodeIgniter->run()
#4 {main}
CRITICAL - 2020-11-23 05:52:24 --> Call to undefined method CodeIgniter\HTTP\IncomingRequest::data()
#0 C:\xampp\htdocs\artwork\vendor\codeigniter4\framework\system\CodeIgniter.php(918): App\Controllers\Home->menuStore()
#1 C:\xampp\htdocs\artwork\vendor\codeigniter4\framework\system\CodeIgniter.php(404): CodeIgniter\CodeIgniter->runController(Object(App\Controllers\Home))
#2 C:\xampp\htdocs\artwork\vendor\codeigniter4\framework\system\CodeIgniter.php(312): CodeIgniter\CodeIgniter->handleRequest(NULL, Object(Config\Cache), false)
#3 C:\xampp\htdocs\artwork\public\index.php(45): CodeIgniter\CodeIgniter->run()
#4 {main}
CRITICAL - 2020-11-23 05:53:20 --> Cannot access protected property CodeIgniter\HTTP\IncomingRequest::$body
#0 C:\xampp\htdocs\artwork\vendor\codeigniter4\framework\system\CodeIgniter.php(918): App\Controllers\Home->menuStore()
#1 C:\xampp\htdocs\artwork\vendor\codeigniter4\framework\system\CodeIgniter.php(404): CodeIgniter\CodeIgniter->runController(Object(App\Controllers\Home))
#2 C:\xampp\htdocs\artwork\vendor\codeigniter4\framework\system\CodeIgniter.php(312): CodeIgniter\CodeIgniter->handleRequest(NULL, Object(Config\Cache), false)
#3 C:\xampp\htdocs\artwork\public\index.php(45): CodeIgniter\CodeIgniter->run()
#4 {main}
CRITICAL - 2020-11-23 05:53:32 --> Call to undefined method CodeIgniter\HTTP\IncomingRequest::body()
#0 C:\xampp\htdocs\artwork\vendor\codeigniter4\framework\system\CodeIgniter.php(918): App\Controllers\Home->menuStore()
#1 C:\xampp\htdocs\artwork\vendor\codeigniter4\framework\system\CodeIgniter.php(404): CodeIgniter\CodeIgniter->runController(Object(App\Controllers\Home))
#2 C:\xampp\htdocs\artwork\vendor\codeigniter4\framework\system\CodeIgniter.php(312): CodeIgniter\CodeIgniter->handleRequest(NULL, Object(Config\Cache), false)
#3 C:\xampp\htdocs\artwork\public\index.php(45): CodeIgniter\CodeIgniter->run()
#4 {main}
CRITICAL - 2020-11-23 05:54:33 --> Call to a member function post() on null
#0 C:\xampp\htdocs\artwork\vendor\codeigniter4\framework\system\CodeIgniter.php(918): App\Controllers\Home->menuStore()
#1 C:\xampp\htdocs\artwork\vendor\codeigniter4\framework\system\CodeIgniter.php(404): CodeIgniter\CodeIgniter->runController(Object(App\Controllers\Home))
#2 C:\xampp\htdocs\artwork\vendor\codeigniter4\framework\system\CodeIgniter.php(312): CodeIgniter\CodeIgniter->handleRequest(NULL, Object(Config\Cache), false)
#3 C:\xampp\htdocs\artwork\public\index.php(45): CodeIgniter\CodeIgniter->run()
#4 {main}
CRITICAL - 2020-11-23 05:54:51 --> Too few arguments to function CodeIgniter\HTTP\IncomingRequest::getFile(), 0 passed in C:\xampp\htdocs\artwork\app\Controllers\Home.php on line 35 and exactly 1 expected
#0 C:\xampp\htdocs\artwork\app\Controllers\Home.php(35): CodeIgniter\HTTP\IncomingRequest->getFile()
#1 C:\xampp\htdocs\artwork\vendor\codeigniter4\framework\system\CodeIgniter.php(918): App\Controllers\Home->menuStore()
#2 C:\xampp\htdocs\artwork\vendor\codeigniter4\framework\system\CodeIgniter.php(404): CodeIgniter\CodeIgniter->runController(Object(App\Controllers\Home))
#3 C:\xampp\htdocs\artwork\vendor\codeigniter4\framework\system\CodeIgniter.php(312): CodeIgniter\CodeIgniter->handleRequest(NULL, Object(Config\Cache), false)
#4 C:\xampp\htdocs\artwork\public\index.php(45): CodeIgniter\CodeIgniter->run()
#5 {main}
CRITICAL - 2020-11-23 05:56:25 --> Too few arguments to function CodeIgniter\HTTP\IncomingRequest::getFile(), 0 passed in C:\xampp\htdocs\artwork\app\Controllers\Home.php on line 35 and exactly 1 expected
#0 C:\xampp\htdocs\artwork\app\Controllers\Home.php(35): CodeIgniter\HTTP\IncomingRequest->getFile()
#1 C:\xampp\htdocs\artwork\vendor\codeigniter4\framework\system\CodeIgniter.php(918): App\Controllers\Home->menuStore()
#2 C:\xampp\htdocs\artwork\vendor\codeigniter4\framework\system\CodeIgniter.php(404): CodeIgniter\CodeIgniter->runController(Object(App\Controllers\Home))
#3 C:\xampp\htdocs\artwork\vendor\codeigniter4\framework\system\CodeIgniter.php(312): CodeIgniter\CodeIgniter->handleRequest(NULL, Object(Config\Cache), false)
#4 C:\xampp\htdocs\artwork\public\index.php(45): CodeIgniter\CodeIgniter->run()
#5 {main}
CRITICAL - 2020-11-23 05:57:21 --> Call to undefined method CodeIgniter\HTTP\IncomingRequest::post()
#0 C:\xampp\htdocs\artwork\vendor\codeigniter4\framework\system\CodeIgniter.php(918): App\Controllers\Home->menuStore()
#1 C:\xampp\htdocs\artwork\vendor\codeigniter4\framework\system\CodeIgniter.php(404): CodeIgniter\CodeIgniter->runController(Object(App\Controllers\Home))
#2 C:\xampp\htdocs\artwork\vendor\codeigniter4\framework\system\CodeIgniter.php(312): CodeIgniter\CodeIgniter->handleRequest(NULL, Object(Config\Cache), false)
#3 C:\xampp\htdocs\artwork\public\index.php(45): CodeIgniter\CodeIgniter->run()
#4 {main}
CRITICAL - 2020-11-23 05:57:34 --> Call to undefined method CodeIgniter\HTTP\IncomingRequest::get()
#0 C:\xampp\htdocs\artwork\vendor\codeigniter4\framework\system\CodeIgniter.php(918): App\Controllers\Home->menuStore()
#1 C:\xampp\htdocs\artwork\vendor\codeigniter4\framework\system\CodeIgniter.php(404): CodeIgniter\CodeIgniter->runController(Object(App\Controllers\Home))
#2 C:\xampp\htdocs\artwork\vendor\codeigniter4\framework\system\CodeIgniter.php(312): CodeIgniter\CodeIgniter->handleRequest(NULL, Object(Config\Cache), false)
#3 C:\xampp\htdocs\artwork\public\index.php(45): CodeIgniter\CodeIgniter->run()
#4 {main}
CRITICAL - 2020-11-23 06:27:44 --> Call to a member function getMyRoutes() on null
#0 C:\xampp\htdocs\artwork\vendor\codeigniter4\framework\system\View\View.php(246): include()
#1 C:\xampp\htdocs\artwork\vendor\codeigniter4\framework\system\View\View.php(257): CodeIgniter\View\View->render('default_layout', Array, true)
#2 C:\xampp\htdocs\artwork\vendor\codeigniter4\framework\system\Common.php(1119): CodeIgniter\View\View->render('menus/create', Array, true)
#3 C:\xampp\htdocs\artwork\app\Controllers\Home.php(30): view('menus/create', Array)
#4 C:\xampp\htdocs\artwork\vendor\codeigniter4\framework\system\CodeIgniter.php(918): App\Controllers\Home->menuCreate()
#5 C:\xampp\htdocs\artwork\vendor\codeigniter4\framework\system\CodeIgniter.php(404): CodeIgniter\CodeIgniter->runController(Object(App\Controllers\Home))
#6 C:\xampp\htdocs\artwork\vendor\codeigniter4\framework\system\CodeIgniter.php(312): CodeIgniter\CodeIgniter->handleRequest(NULL, Object(Config\Cache), false)
#7 C:\xampp\htdocs\artwork\public\index.php(45): CodeIgniter\CodeIgniter->run()
#8 {main}
CRITICAL - 2020-11-23 06:29:09 --> Call to a member function getMyRoutes() on null
#0 C:\xampp\htdocs\artwork\vendor\codeigniter4\framework\system\View\View.php(246): include()
#1 C:\xampp\htdocs\artwork\vendor\codeigniter4\framework\system\View\View.php(257): CodeIgniter\View\View->render('default_layout', Array, true)
#2 C:\xampp\htdocs\artwork\vendor\codeigniter4\framework\system\Common.php(1119): CodeIgniter\View\View->render('menus/create', Array, true)
#3 C:\xampp\htdocs\artwork\app\Controllers\Home.php(30): view('menus/create', Array)
#4 C:\xampp\htdocs\artwork\vendor\codeigniter4\framework\system\CodeIgniter.php(918): App\Controllers\Home->menuCreate()
#5 C:\xampp\htdocs\artwork\vendor\codeigniter4\framework\system\CodeIgniter.php(404): CodeIgniter\CodeIgniter->runController(Object(App\Controllers\Home))
#6 C:\xampp\htdocs\artwork\vendor\codeigniter4\framework\system\CodeIgniter.php(312): CodeIgniter\CodeIgniter->handleRequest(NULL, Object(Config\Cache), false)
#7 C:\xampp\htdocs\artwork\public\index.php(45): CodeIgniter\CodeIgniter->run()
#8 {main}
CRITICAL - 2020-11-23 06:32:14 --> Call to a member function getMyRoutes() on null
#0 C:\xampp\htdocs\artwork\vendor\codeigniter4\framework\system\View\View.php(246): include()
#1 C:\xampp\htdocs\artwork\vendor\codeigniter4\framework\system\View\View.php(257): CodeIgniter\View\View->render('default_layout', Array, true)
#2 C:\xampp\htdocs\artwork\vendor\codeigniter4\framework\system\Common.php(1119): CodeIgniter\View\View->render('menus/create', Array, true)
#3 C:\xampp\htdocs\artwork\app\Controllers\Home.php(30): view('menus/create', Array)
#4 C:\xampp\htdocs\artwork\vendor\codeigniter4\framework\system\CodeIgniter.php(918): App\Controllers\Home->menuCreate()
#5 C:\xampp\htdocs\artwork\vendor\codeigniter4\framework\system\CodeIgniter.php(404): CodeIgniter\CodeIgniter->runController(Object(App\Controllers\Home))
#6 C:\xampp\htdocs\artwork\vendor\codeigniter4\framework\system\CodeIgniter.php(312): CodeIgniter\CodeIgniter->handleRequest(NULL, Object(Config\Cache), false)
#7 C:\xampp\htdocs\artwork\public\index.php(45): CodeIgniter\CodeIgniter->run()
#8 {main}
CRITICAL - 2020-11-23 06:32:16 --> Call to a member function getMyRoutes() on null
#0 C:\xampp\htdocs\artwork\vendor\codeigniter4\framework\system\View\View.php(246): include()
#1 C:\xampp\htdocs\artwork\vendor\codeigniter4\framework\system\View\View.php(257): CodeIgniter\View\View->render('default_layout', Array, true)
#2 C:\xampp\htdocs\artwork\vendor\codeigniter4\framework\system\Common.php(1119): CodeIgniter\View\View->render('menus/index', Array, true)
#3 C:\xampp\htdocs\artwork\app\Controllers\Home.php(17): view('menus/index')
#4 C:\xampp\htdocs\artwork\vendor\codeigniter4\framework\system\CodeIgniter.php(918): App\Controllers\Home->menuManger()
#5 C:\xampp\htdocs\artwork\vendor\codeigniter4\framework\system\CodeIgniter.php(404): CodeIgniter\CodeIgniter->runController(Object(App\Controllers\Home))
#6 C:\xampp\htdocs\artwork\vendor\codeigniter4\framework\system\CodeIgniter.php(312): CodeIgniter\CodeIgniter->handleRequest(NULL, Object(Config\Cache), false)
#7 C:\xampp\htdocs\artwork\public\index.php(45): CodeIgniter\CodeIgniter->run()
#8 {main}
CRITICAL - 2020-11-23 06:32:18 --> Call to a member function getMyRoutes() on null
#0 C:\xampp\htdocs\artwork\vendor\codeigniter4\framework\system\View\View.php(246): include()
#1 C:\xampp\htdocs\artwork\vendor\codeigniter4\framework\system\View\View.php(257): CodeIgniter\View\View->render('default_layout', Array, true)
#2 C:\xampp\htdocs\artwork\vendor\codeigniter4\framework\system\Common.php(1119): CodeIgniter\View\View->render('menus/index', Array, true)
#3 C:\xampp\htdocs\artwork\app\Controllers\Home.php(17): view('menus/index')
#4 C:\xampp\htdocs\artwork\vendor\codeigniter4\framework\system\CodeIgniter.php(918): App\Controllers\Home->menuManger()
#5 C:\xampp\htdocs\artwork\vendor\codeigniter4\framework\system\CodeIgniter.php(404): CodeIgniter\CodeIgniter->runController(Object(App\Controllers\Home))
#6 C:\xampp\htdocs\artwork\vendor\codeigniter4\framework\system\CodeIgniter.php(312): CodeIgniter\CodeIgniter->handleRequest(NULL, Object(Config\Cache), false)
#7 C:\xampp\htdocs\artwork\public\index.php(45): CodeIgniter\CodeIgniter->run()
#8 {main}
CRITICAL - 2020-11-23 06:36:24 --> Undefined constant 'App\Models\MenuModel'
#0 C:\xampp\htdocs\artwork\vendor\codeigniter4\framework\system\View\View.php(246): include()
#1 C:\xampp\htdocs\artwork\vendor\codeigniter4\framework\system\View\View.php(257): CodeIgniter\View\View->render('default_layout', Array, true)
#2 C:\xampp\htdocs\artwork\vendor\codeigniter4\framework\system\Common.php(1119): CodeIgniter\View\View->render('menus/create', Array, true)
#3 C:\xampp\htdocs\artwork\app\Controllers\Home.php(30): view('menus/create', Array)
#4 C:\xampp\htdocs\artwork\vendor\codeigniter4\framework\system\CodeIgniter.php(918): App\Controllers\Home->menuCreate()
#5 C:\xampp\htdocs\artwork\vendor\codeigniter4\framework\system\CodeIgniter.php(404): CodeIgniter\CodeIgniter->runController(Object(App\Controllers\Home))
#6 C:\xampp\htdocs\artwork\vendor\codeigniter4\framework\system\CodeIgniter.php(312): CodeIgniter\CodeIgniter->handleRequest(NULL, Object(Config\Cache), false)
#7 C:\xampp\htdocs\artwork\public\index.php(45): CodeIgniter\CodeIgniter->run()
#8 {main}
CRITICAL - 2020-11-23 06:38:32 --> Call to undefined method CodeIgniter\View\View::getMyRoutes()
#0 C:\xampp\htdocs\artwork\vendor\codeigniter4\framework\system\View\View.php(246): include()
#1 C:\xampp\htdocs\artwork\vendor\codeigniter4\framework\system\View\View.php(257): CodeIgniter\View\View->render('default_layout', Array, true)
#2 C:\xampp\htdocs\artwork\vendor\codeigniter4\framework\system\Common.php(1119): CodeIgniter\View\View->render('menus/create', Array, true)
#3 C:\xampp\htdocs\artwork\app\Controllers\Home.php(30): view('menus/create', Array)
#4 C:\xampp\htdocs\artwork\vendor\codeigniter4\framework\system\CodeIgniter.php(918): App\Controllers\Home->menuCreate()
#5 C:\xampp\htdocs\artwork\vendor\codeigniter4\framework\system\CodeIgniter.php(404): CodeIgniter\CodeIgniter->runController(Object(App\Controllers\Home))
#6 C:\xampp\htdocs\artwork\vendor\codeigniter4\framework\system\CodeIgniter.php(312): CodeIgniter\CodeIgniter->handleRequest(NULL, Object(Config\Cache), false)
#7 C:\xampp\htdocs\artwork\public\index.php(45): CodeIgniter\CodeIgniter->run()
#8 {main}
CRITICAL - 2020-11-23 06:39:31 --> Call to undefined method CodeIgniter\View\View::getMyRoutes()
#0 C:\xampp\htdocs\artwork\vendor\codeigniter4\framework\system\View\View.php(246): include()
#1 C:\xampp\htdocs\artwork\vendor\codeigniter4\framework\system\View\View.php(257): CodeIgniter\View\View->render('default_layout', Array, true)
#2 C:\xampp\htdocs\artwork\vendor\codeigniter4\framework\system\Common.php(1119): CodeIgniter\View\View->render('menus/create', Array, true)
#3 C:\xampp\htdocs\artwork\app\Controllers\Home.php(30): view('menus/create', Array)
#4 C:\xampp\htdocs\artwork\vendor\codeigniter4\framework\system\CodeIgniter.php(918): App\Controllers\Home->menuCreate()
#5 C:\xampp\htdocs\artwork\vendor\codeigniter4\framework\system\CodeIgniter.php(404): CodeIgniter\CodeIgniter->runController(Object(App\Controllers\Home))
#6 C:\xampp\htdocs\artwork\vendor\codeigniter4\framework\system\CodeIgniter.php(312): CodeIgniter\CodeIgniter->handleRequest(NULL, Object(Config\Cache), false)
#7 C:\xampp\htdocs\artwork\public\index.php(45): CodeIgniter\CodeIgniter->run()
#8 {main}
CRITICAL - 2020-11-23 06:40:22 --> Call to undefined method CodeIgniter\View\View::getMyRoutes()
#0 C:\xampp\htdocs\artwork\vendor\codeigniter4\framework\system\View\View.php(246): include()
#1 C:\xampp\htdocs\artwork\vendor\codeigniter4\framework\system\View\View.php(257): CodeIgniter\View\View->render('default_layout', Array, true)
#2 C:\xampp\htdocs\artwork\vendor\codeigniter4\framework\system\Common.php(1119): CodeIgniter\View\View->render('menus/create', Array, true)
#3 C:\xampp\htdocs\artwork\app\Controllers\Home.php(30): view('menus/create', Array)
#4 C:\xampp\htdocs\artwork\vendor\codeigniter4\framework\system\CodeIgniter.php(918): App\Controllers\Home->menuCreate()
#5 C:\xampp\htdocs\artwork\vendor\codeigniter4\framework\system\CodeIgniter.php(404): CodeIgniter\CodeIgniter->runController(Object(App\Controllers\Home))
#6 C:\xampp\htdocs\artwork\vendor\codeigniter4\framework\system\CodeIgniter.php(312): CodeIgniter\CodeIgniter->handleRequest(NULL, Object(Config\Cache), false)
#7 C:\xampp\htdocs\artwork\public\index.php(45): CodeIgniter\CodeIgniter->run()
#8 {main}
CRITICAL - 2020-11-23 06:41:10 --> Call to undefined method CodeIgniter\View\View::getMyRoutes()
#0 C:\xampp\htdocs\artwork\vendor\codeigniter4\framework\system\View\View.php(246): include()
#1 C:\xampp\htdocs\artwork\vendor\codeigniter4\framework\system\View\View.php(257): CodeIgniter\View\View->render('default_layout', Array, true)
#2 C:\xampp\htdocs\artwork\vendor\codeigniter4\framework\system\Common.php(1119): CodeIgniter\View\View->render('menus/create', Array, true)
#3 C:\xampp\htdocs\artwork\app\Controllers\Home.php(30): view('menus/create', Array)
#4 C:\xampp\htdocs\artwork\vendor\codeigniter4\framework\system\CodeIgniter.php(918): App\Controllers\Home->menuCreate()
#5 C:\xampp\htdocs\artwork\vendor\codeigniter4\framework\system\CodeIgniter.php(404): CodeIgniter\CodeIgniter->runController(Object(App\Controllers\Home))
#6 C:\xampp\htdocs\artwork\vendor\codeigniter4\framework\system\CodeIgniter.php(312): CodeIgniter\CodeIgniter->handleRequest(NULL, Object(Config\Cache), false)
#7 C:\xampp\htdocs\artwork\public\index.php(45): CodeIgniter\CodeIgniter->run()
#8 {main}
CRITICAL - 2020-11-23 06:45:38 --> Class 'App\Models\UserModel' not found
#0 C:\xampp\htdocs\artwork\vendor\codeigniter4\framework\system\View\View.php(246): include()
#1 C:\xampp\htdocs\artwork\vendor\codeigniter4\framework\system\View\View.php(257): CodeIgniter\View\View->render('default_layout', Array, true)
#2 C:\xampp\htdocs\artwork\vendor\codeigniter4\framework\system\Common.php(1119): CodeIgniter\View\View->render('menus/create', Array, true)
#3 C:\xampp\htdocs\artwork\app\Controllers\Home.php(30): view('menus/create', Array)
#4 C:\xampp\htdocs\artwork\vendor\codeigniter4\framework\system\CodeIgniter.php(918): App\Controllers\Home->menuCreate()
#5 C:\xampp\htdocs\artwork\vendor\codeigniter4\framework\system\CodeIgniter.php(404): CodeIgniter\CodeIgniter->runController(Object(App\Controllers\Home))
#6 C:\xampp\htdocs\artwork\vendor\codeigniter4\framework\system\CodeIgniter.php(312): CodeIgniter\CodeIgniter->handleRequest(NULL, Object(Config\Cache), false)
#7 C:\xampp\htdocs\artwork\public\index.php(45): CodeIgniter\CodeIgniter->run()
#8 {main}
CRITICAL - 2020-11-23 06:50:40 --> Call to a member function orderBy() on null
#0 C:\xampp\htdocs\artwork\vendor\codeigniter4\framework\system\CodeIgniter.php(918): App\Controllers\Home->menuCreate()
#1 C:\xampp\htdocs\artwork\vendor\codeigniter4\framework\system\CodeIgniter.php(404): CodeIgniter\CodeIgniter->runController(Object(App\Controllers\Home))
#2 C:\xampp\htdocs\artwork\vendor\codeigniter4\framework\system\CodeIgniter.php(312): CodeIgniter\CodeIgniter->handleRequest(NULL, Object(Config\Cache), false)
#3 C:\xampp\htdocs\artwork\public\index.php(45): CodeIgniter\CodeIgniter->run()
#4 {main}
CRITICAL - 2020-11-23 06:50:55 --> Call to a member function orderBy() on null
#0 C:\xampp\htdocs\artwork\vendor\codeigniter4\framework\system\CodeIgniter.php(918): App\Controllers\Home->menuCreate()
#1 C:\xampp\htdocs\artwork\vendor\codeigniter4\framework\system\CodeIgniter.php(404): CodeIgniter\CodeIgniter->runController(Object(App\Controllers\Home))
#2 C:\xampp\htdocs\artwork\vendor\codeigniter4\framework\system\CodeIgniter.php(312): CodeIgniter\CodeIgniter->handleRequest(NULL, Object(Config\Cache), false)
#3 C:\xampp\htdocs\artwork\public\index.php(45): CodeIgniter\CodeIgniter->run()
#4 {main}
CRITICAL - 2020-11-23 06:58:45 --> Cannot call constructor
#0 C:\xampp\htdocs\artwork\vendor\codeigniter4\framework\system\CodeIgniter.php(890): App\Controllers\BaseController->__construct()
#1 C:\xampp\htdocs\artwork\vendor\codeigniter4\framework\system\CodeIgniter.php(399): CodeIgniter\CodeIgniter->createController()
#2 C:\xampp\htdocs\artwork\vendor\codeigniter4\framework\system\CodeIgniter.php(312): CodeIgniter\CodeIgniter->handleRequest(NULL, Object(Config\Cache), false)
#3 C:\xampp\htdocs\artwork\public\index.php(45): CodeIgniter\CodeIgniter->run()
#4 {main}
CRITICAL - 2020-11-23 06:59:31 --> syntax error, unexpected '$this' (T_VARIABLE), expecting function (T_FUNCTION) or const (T_CONST)
#0 C:\xampp\htdocs\artwork\vendor\codeigniter4\framework\system\Autoloader\Autoloader.php(296): CodeIgniter\Autoloader\Autoloader->requireFile('C:\\xampp\\htdocs...')
#1 C:\xampp\htdocs\artwork\vendor\codeigniter4\framework\system\Autoloader\Autoloader.php(258): CodeIgniter\Autoloader\Autoloader->loadInNamespace('App\\Controllers...')
#2 [internal function]: CodeIgniter\Autoloader\Autoloader->loadClass('App\\Controllers...')
#3 C:\xampp\htdocs\artwork\app\Controllers\Home.php(8): spl_autoload_call('App\\Controllers...')
#4 C:\xampp\htdocs\artwork\vendor\codeigniter4\framework\system\Autoloader\Autoloader.php(365): require_once('C:\\xampp\\htdocs...')
#5 C:\xampp\htdocs\artwork\vendor\codeigniter4\framework\system\Autoloader\Autoloader.php(296): CodeIgniter\Autoloader\Autoloader->requireFile('C:\\xampp\\htdocs...')
#6 C:\xampp\htdocs\artwork\vendor\codeigniter4\framework\system\Autoloader\Autoloader.php(258): CodeIgniter\Autoloader\Autoloader->loadInNamespace('App\\Controllers...')
#7 [internal function]: CodeIgniter\Autoloader\Autoloader->loadClass('App\\Controllers...')
#8 [internal function]: spl_autoload_call('App\\Controllers...')
#9 C:\xampp\htdocs\artwork\vendor\codeigniter4\framework\system\CodeIgniter.php(869): class_exists('\\App\\Controller...', true)
#10 C:\xampp\htdocs\artwork\vendor\codeigniter4\framework\system\CodeIgniter.php(394): CodeIgniter\CodeIgniter->startController()
#11 C:\xampp\htdocs\artwork\vendor\codeigniter4\framework\system\CodeIgniter.php(312): CodeIgniter\CodeIgniter->handleRequest(NULL, Object(Config\Cache), false)
#12 C:\xampp\htdocs\artwork\public\index.php(45): CodeIgniter\CodeIgniter->run()
#13 {main}
CRITICAL - 2020-11-23 07:14:05 --> Cannot call constructor
#0 C:\xampp\htdocs\artwork\vendor\codeigniter4\framework\system\CodeIgniter.php(890): App\Controllers\Home->__construct()
#1 C:\xampp\htdocs\artwork\vendor\codeigniter4\framework\system\CodeIgniter.php(399): CodeIgniter\CodeIgniter->createController()
#2 C:\xampp\htdocs\artwork\vendor\codeigniter4\framework\system\CodeIgniter.php(312): CodeIgniter\CodeIgniter->handleRequest(NULL, Object(Config\Cache), false)
#3 C:\xampp\htdocs\artwork\public\index.php(45): CodeIgniter\CodeIgniter->run()
#4 {main}
CRITICAL - 2020-11-23 07:14:46 --> Cannot call constructor
#0 C:\xampp\htdocs\artwork\vendor\codeigniter4\framework\system\CodeIgniter.php(890): App\Controllers\Home->__construct()
#1 C:\xampp\htdocs\artwork\vendor\codeigniter4\framework\system\CodeIgniter.php(399): CodeIgniter\CodeIgniter->createController()
#2 C:\xampp\htdocs\artwork\vendor\codeigniter4\framework\system\CodeIgniter.php(312): CodeIgniter\CodeIgniter->handleRequest(NULL, Object(Config\Cache), false)
#3 C:\xampp\htdocs\artwork\public\index.php(45): CodeIgniter\CodeIgniter->run()
#4 {main}
CRITICAL - 2020-11-23 07:15:02 --> Cannot call constructor
#0 C:\xampp\htdocs\artwork\vendor\codeigniter4\framework\system\CodeIgniter.php(890): App\Controllers\Home->__construct()
#1 C:\xampp\htdocs\artwork\vendor\codeigniter4\framework\system\CodeIgniter.php(399): CodeIgniter\CodeIgniter->createController()
#2 C:\xampp\htdocs\artwork\vendor\codeigniter4\framework\system\CodeIgniter.php(312): CodeIgniter\CodeIgniter->handleRequest(NULL, Object(Config\Cache), false)
#3 C:\xampp\htdocs\artwork\public\index.php(45): CodeIgniter\CodeIgniter->run()
#4 {main}
CRITICAL - 2020-11-23 07:21:32 --> Call to a member function orderBy() on null
#0 C:\xampp\htdocs\artwork\vendor\codeigniter4\framework\system\CodeIgniter.php(918): App\Controllers\Home->menuCreate()
#1 C:\xampp\htdocs\artwork\vendor\codeigniter4\framework\system\CodeIgniter.php(404): CodeIgniter\CodeIgniter->runController(Object(App\Controllers\Home))
#2 C:\xampp\htdocs\artwork\vendor\codeigniter4\framework\system\CodeIgniter.php(312): CodeIgniter\CodeIgniter->handleRequest(NULL, Object(Config\Cache), false)
#3 C:\xampp\htdocs\artwork\public\index.php(45): CodeIgniter\CodeIgniter->run()
#4 {main}
CRITICAL - 2020-11-23 07:25:46 --> Call to a member function orderBy() on null
#0 C:\xampp\htdocs\artwork\vendor\codeigniter4\framework\system\CodeIgniter.php(918): App\Controllers\Home->menuCreate()
#1 C:\xampp\htdocs\artwork\vendor\codeigniter4\framework\system\CodeIgniter.php(404): CodeIgniter\CodeIgniter->runController(Object(App\Controllers\Home))
#2 C:\xampp\htdocs\artwork\vendor\codeigniter4\framework\system\CodeIgniter.php(312): CodeIgniter\CodeIgniter->handleRequest(NULL, Object(Config\Cache), false)
#3 C:\xampp\htdocs\artwork\public\index.php(45): CodeIgniter\CodeIgniter->run()
#4 {main}
CRITICAL - 2020-11-23 07:26:10 --> Call to a member function orderBy() on null
#0 C:\xampp\htdocs\artwork\vendor\codeigniter4\framework\system\CodeIgniter.php(918): App\Controllers\Home->menuCreate()
#1 C:\xampp\htdocs\artwork\vendor\codeigniter4\framework\system\CodeIgniter.php(404): CodeIgniter\CodeIgniter->runController(Object(App\Controllers\Home))
#2 C:\xampp\htdocs\artwork\vendor\codeigniter4\framework\system\CodeIgniter.php(312): CodeIgniter\CodeIgniter->handleRequest(NULL, Object(Config\Cache), false)
#3 C:\xampp\htdocs\artwork\public\index.php(45): CodeIgniter\CodeIgniter->run()
#4 {main}
CRITICAL - 2020-11-23 07:27:00 --> syntax error, unexpected ';', expecting ')'
#0 C:\xampp\htdocs\artwork\vendor\codeigniter4\framework\system\Autoloader\Autoloader.php(296): CodeIgniter\Autoloader\Autoloader->requireFile('C:\\xampp\\htdocs...')
#1 C:\xampp\htdocs\artwork\vendor\codeigniter4\framework\system\Autoloader\Autoloader.php(258): CodeIgniter\Autoloader\Autoloader->loadInNamespace('App\\Controllers...')
#2 [internal function]: CodeIgniter\Autoloader\Autoloader->loadClass('App\\Controllers...')
#3 [internal function]: spl_autoload_call('App\\Controllers...')
#4 C:\xampp\htdocs\artwork\vendor\codeigniter4\framework\system\CodeIgniter.php(869): class_exists('\\App\\Controller...', true)
#5 C:\xampp\htdocs\artwork\vendor\codeigniter4\framework\system\CodeIgniter.php(394): CodeIgniter\CodeIgniter->startController()
#6 C:\xampp\htdocs\artwork\vendor\codeigniter4\framework\system\CodeIgniter.php(312): CodeIgniter\CodeIgniter->handleRequest(NULL, Object(Config\Cache), false)
#7 C:\xampp\htdocs\artwork\public\index.php(45): CodeIgniter\CodeIgniter->run()
#8 {main}
CRITICAL - 2020-11-23 07:46:28 --> syntax error, unexpected 'else' (T_ELSE)
#0 C:\xampp\htdocs\artwork\vendor\codeigniter4\framework\system\Autoloader\Autoloader.php(296): CodeIgniter\Autoloader\Autoloader->requireFile('C:\\xampp\\htdocs...')
#1 C:\xampp\htdocs\artwork\vendor\codeigniter4\framework\system\Autoloader\Autoloader.php(258): CodeIgniter\Autoloader\Autoloader->loadInNamespace('App\\Controllers...')
#2 [internal function]: CodeIgniter\Autoloader\Autoloader->loadClass('App\\Controllers...')
#3 [internal function]: spl_autoload_call('App\\Controllers...')
#4 C:\xampp\htdocs\artwork\vendor\codeigniter4\framework\system\CodeIgniter.php(869): class_exists('\\App\\Controller...', true)
#5 C:\xampp\htdocs\artwork\vendor\codeigniter4\framework\system\CodeIgniter.php(394): CodeIgniter\CodeIgniter->startController()
#6 C:\xampp\htdocs\artwork\vendor\codeigniter4\framework\system\CodeIgniter.php(312): CodeIgniter\CodeIgniter->handleRequest(NULL, Object(Config\Cache), false)
#7 C:\xampp\htdocs\artwork\public\index.php(45): CodeIgniter\CodeIgniter->run()
#8 {main}
CRITICAL - 2020-11-23 07:46:37 --> syntax error, unexpected '}'
#0 C:\xampp\htdocs\artwork\vendor\codeigniter4\framework\system\Autoloader\Autoloader.php(296): CodeIgniter\Autoloader\Autoloader->requireFile('C:\\xampp\\htdocs...')
#1 C:\xampp\htdocs\artwork\vendor\codeigniter4\framework\system\Autoloader\Autoloader.php(258): CodeIgniter\Autoloader\Autoloader->loadInNamespace('App\\Controllers...')
#2 [internal function]: CodeIgniter\Autoloader\Autoloader->loadClass('App\\Controllers...')
#3 [internal function]: spl_autoload_call('App\\Controllers...')
#4 C:\xampp\htdocs\artwork\vendor\codeigniter4\framework\system\CodeIgniter.php(869): class_exists('\\App\\Controller...', true)
#5 C:\xampp\htdocs\artwork\vendor\codeigniter4\framework\system\CodeIgniter.php(394): CodeIgniter\CodeIgniter->startController()
#6 C:\xampp\htdocs\artwork\vendor\codeigniter4\framework\system\CodeIgniter.php(312): CodeIgniter\CodeIgniter->handleRequest(NULL, Object(Config\Cache), false)
#7 C:\xampp\htdocs\artwork\public\index.php(45): CodeIgniter\CodeIgniter->run()
#8 {main}
CRITICAL - 2020-11-23 07:47:23 --> syntax error, unexpected '[', expecting ';' or ','
#0 C:\xampp\htdocs\artwork\vendor\codeigniter4\framework\system\Autoloader\Autoloader.php(296): CodeIgniter\Autoloader\Autoloader->requireFile('C:\\xampp\\htdocs...')
#1 C:\xampp\htdocs\artwork\vendor\codeigniter4\framework\system\Autoloader\Autoloader.php(258): CodeIgniter\Autoloader\Autoloader->loadInNamespace('App\\Controllers...')
#2 [internal function]: CodeIgniter\Autoloader\Autoloader->loadClass('App\\Controllers...')
#3 [internal function]: spl_autoload_call('App\\Controllers...')
#4 C:\xampp\htdocs\artwork\vendor\codeigniter4\framework\system\CodeIgniter.php(869): class_exists('\\App\\Controller...', true)
#5 C:\xampp\htdocs\artwork\vendor\codeigniter4\framework\system\CodeIgniter.php(394): CodeIgniter\CodeIgniter->startController()
#6 C:\xampp\htdocs\artwork\vendor\codeigniter4\framework\system\CodeIgniter.php(312): CodeIgniter\CodeIgniter->handleRequest(NULL, Object(Config\Cache), false)
#7 C:\xampp\htdocs\artwork\public\index.php(45): CodeIgniter\CodeIgniter->run()
#8 {main}
CRITICAL - 2020-11-23 07:49:01 --> syntax error, unexpected ')'
#0 C:\xampp\htdocs\artwork\vendor\codeigniter4\framework\system\Autoloader\Autoloader.php(296): CodeIgniter\Autoloader\Autoloader->requireFile('C:\\xampp\\htdocs...')
#1 C:\xampp\htdocs\artwork\vendor\codeigniter4\framework\system\Autoloader\Autoloader.php(258): CodeIgniter\Autoloader\Autoloader->loadInNamespace('App\\Controllers...')
#2 [internal function]: CodeIgniter\Autoloader\Autoloader->loadClass('App\\Controllers...')
#3 [internal function]: spl_autoload_call('App\\Controllers...')
#4 C:\xampp\htdocs\artwork\vendor\codeigniter4\framework\system\CodeIgniter.php(869): class_exists('\\App\\Controller...', true)
#5 C:\xampp\htdocs\artwork\vendor\codeigniter4\framework\system\CodeIgniter.php(394): CodeIgniter\CodeIgniter->startController()
#6 C:\xampp\htdocs\artwork\vendor\codeigniter4\framework\system\CodeIgniter.php(312): CodeIgniter\CodeIgniter->handleRequest(NULL, Object(Config\Cache), false)
#7 C:\xampp\htdocs\artwork\public\index.php(45): CodeIgniter\CodeIgniter->run()
#8 {main}
CRITICAL - 2020-11-23 07:55:12 --> Illegal string offset 'url'
#0 C:\xampp\htdocs\artwork\app\Views\default_layout.php(59): CodeIgniter\Debug\Exceptions->errorHandler(2, 'Illegal string ...', 'C:\\xampp\\htdocs...', 59, Array)
#1 C:\xampp\htdocs\artwork\vendor\codeigniter4\framework\system\View\View.php(246): include('C:\\xampp\\htdocs...')
#2 C:\xampp\htdocs\artwork\vendor\codeigniter4\framework\system\View\View.php(257): CodeIgniter\View\View->render('default_layout', Array, true)
#3 C:\xampp\htdocs\artwork\vendor\codeigniter4\framework\system\Common.php(1119): CodeIgniter\View\View->render('menus/create', Array, true)
#4 C:\xampp\htdocs\artwork\app\Controllers\Home.php(50): view('menus/create', Array)
#5 C:\xampp\htdocs\artwork\vendor\codeigniter4\framework\system\CodeIgniter.php(918): App\Controllers\Home->menuCreate()
#6 C:\xampp\htdocs\artwork\vendor\codeigniter4\framework\system\CodeIgniter.php(404): CodeIgniter\CodeIgniter->runController(Object(App\Controllers\Home))
#7 C:\xampp\htdocs\artwork\vendor\codeigniter4\framework\system\CodeIgniter.php(312): CodeIgniter\CodeIgniter->handleRequest(NULL, Object(Config\Cache), false)
#8 C:\xampp\htdocs\artwork\public\index.php(45): CodeIgniter\CodeIgniter->run()
#9 {main}
CRITICAL - 2020-11-23 07:55:38 --> Illegal string offset 'name'
#0 C:\xampp\htdocs\artwork\app\Views\default_layout.php(59): CodeIgniter\Debug\Exceptions->errorHandler(2, 'Illegal string ...', 'C:\\xampp\\htdocs...', 59, Array)
#1 C:\xampp\htdocs\artwork\vendor\codeigniter4\framework\system\View\View.php(246): include('C:\\xampp\\htdocs...')
#2 C:\xampp\htdocs\artwork\vendor\codeigniter4\framework\system\View\View.php(257): CodeIgniter\View\View->render('default_layout', Array, true)
#3 C:\xampp\htdocs\artwork\vendor\codeigniter4\framework\system\Common.php(1119): CodeIgniter\View\View->render('menus/create', Array, true)
#4 C:\xampp\htdocs\artwork\app\Controllers\Home.php(50): view('menus/create', Array)
#5 C:\xampp\htdocs\artwork\vendor\codeigniter4\framework\system\CodeIgniter.php(918): App\Controllers\Home->menuCreate()
#6 C:\xampp\htdocs\artwork\vendor\codeigniter4\framework\system\CodeIgniter.php(404): CodeIgniter\CodeIgniter->runController(Object(App\Controllers\Home))
#7 C:\xampp\htdocs\artwork\vendor\codeigniter4\framework\system\CodeIgniter.php(312): CodeIgniter\CodeIgniter->handleRequest(NULL, Object(Config\Cache), false)
#8 C:\xampp\htdocs\artwork\public\index.php(45): CodeIgniter\CodeIgniter->run()
#9 {main}
CRITICAL - 2020-11-23 07:56:06 --> Illegal string offset 'name'
#0 C:\xampp\htdocs\artwork\app\Views\default_layout.php(59): CodeIgniter\Debug\Exceptions->errorHandler(2, 'Illegal string ...', 'C:\\xampp\\htdocs...', 59, Array)
#1 C:\xampp\htdocs\artwork\vendor\codeigniter4\framework\system\View\View.php(246): include('C:\\xampp\\htdocs...')
#2 C:\xampp\htdocs\artwork\vendor\codeigniter4\framework\system\View\View.php(257): CodeIgniter\View\View->render('default_layout', Array, true)
#3 C:\xampp\htdocs\artwork\vendor\codeigniter4\framework\system\Common.php(1119): CodeIgniter\View\View->render('menus/create', Array, true)
#4 C:\xampp\htdocs\artwork\app\Controllers\Home.php(50): view('menus/create', Array)
#5 C:\xampp\htdocs\artwork\vendor\codeigniter4\framework\system\CodeIgniter.php(918): App\Controllers\Home->menuCreate()
#6 C:\xampp\htdocs\artwork\vendor\codeigniter4\framework\system\CodeIgniter.php(404): CodeIgniter\CodeIgniter->runController(Object(App\Controllers\Home))
#7 C:\xampp\htdocs\artwork\vendor\codeigniter4\framework\system\CodeIgniter.php(312): CodeIgniter\CodeIgniter->handleRequest(NULL, Object(Config\Cache), false)
#8 C:\xampp\htdocs\artwork\public\index.php(45): CodeIgniter\CodeIgniter->run()
#9 {main}
CRITICAL - 2020-11-23 08:09:07 --> Invalid argument supplied for foreach()
#0 C:\xampp\htdocs\artwork\app\Views\default_layout.php(54): CodeIgniter\Debug\Exceptions->errorHandler(2, 'Invalid argumen...', 'C:\\xampp\\htdocs...', 54, Array)
#1 C:\xampp\htdocs\artwork\vendor\codeigniter4\framework\system\View\View.php(246): include('C:\\xampp\\htdocs...')
#2 C:\xampp\htdocs\artwork\vendor\codeigniter4\framework\system\View\View.php(257): CodeIgniter\View\View->render('default_layout', Array, true)
#3 C:\xampp\htdocs\artwork\vendor\codeigniter4\framework\system\Common.php(1119): CodeIgniter\View\View->render('menus/index', Array, true)
#4 C:\xampp\htdocs\artwork\app\Controllers\Home.php(35): view('menus/index')
#5 C:\xampp\htdocs\artwork\vendor\codeigniter4\framework\system\CodeIgniter.php(918): App\Controllers\Home->menuManger()
#6 C:\xampp\htdocs\artwork\vendor\codeigniter4\framework\system\CodeIgniter.php(404): CodeIgniter\CodeIgniter->runController(Object(App\Controllers\Home))
#7 C:\xampp\htdocs\artwork\vendor\codeigniter4\framework\system\CodeIgniter.php(312): CodeIgniter\CodeIgniter->handleRequest(NULL, Object(Config\Cache), false)
#8 C:\xampp\htdocs\artwork\public\index.php(45): CodeIgniter\CodeIgniter->run()
#9 {main}
CRITICAL - 2020-11-23 08:09:33 --> Invalid argument supplied for foreach()
#0 C:\xampp\htdocs\artwork\app\Views\default_layout.php(54): CodeIgniter\Debug\Exceptions->errorHandler(2, 'Invalid argumen...', 'C:\\xampp\\htdocs...', 54, Array)
#1 C:\xampp\htdocs\artwork\vendor\codeigniter4\framework\system\View\View.php(246): include('C:\\xampp\\htdocs...')
#2 C:\xampp\htdocs\artwork\vendor\codeigniter4\framework\system\View\View.php(257): CodeIgniter\View\View->render('default_layout', Array, true)
#3 C:\xampp\htdocs\artwork\vendor\codeigniter4\framework\system\Common.php(1119): CodeIgniter\View\View->render('menus/index', Array, true)
#4 C:\xampp\htdocs\artwork\app\Controllers\Home.php(35): view('menus/index')
#5 C:\xampp\htdocs\artwork\vendor\codeigniter4\framework\system\CodeIgniter.php(918): App\Controllers\Home->menuManger()
#6 C:\xampp\htdocs\artwork\vendor\codeigniter4\framework\system\CodeIgniter.php(404): CodeIgniter\CodeIgniter->runController(Object(App\Controllers\Home))
#7 C:\xampp\htdocs\artwork\vendor\codeigniter4\framework\system\CodeIgniter.php(312): CodeIgniter\CodeIgniter->handleRequest(NULL, Object(Config\Cache), false)
#8 C:\xampp\htdocs\artwork\public\index.php(45): CodeIgniter\CodeIgniter->run()
#9 {main}
CRITICAL - 2020-11-23 08:09:35 --> Invalid argument supplied for foreach()
#0 C:\xampp\htdocs\artwork\app\Views\default_layout.php(54): CodeIgniter\Debug\Exceptions->errorHandler(2, 'Invalid argumen...', 'C:\\xampp\\htdocs...', 54, Array)
#1 C:\xampp\htdocs\artwork\vendor\codeigniter4\framework\system\View\View.php(246): include('C:\\xampp\\htdocs...')
#2 C:\xampp\htdocs\artwork\vendor\codeigniter4\framework\system\View\View.php(257): CodeIgniter\View\View->render('default_layout', Array, true)
#3 C:\xampp\htdocs\artwork\vendor\codeigniter4\framework\system\Common.php(1119): CodeIgniter\View\View->render('menus/index', Array, true)
#4 C:\xampp\htdocs\artwork\app\Controllers\Home.php(35): view('menus/index')
#5 C:\xampp\htdocs\artwork\vendor\codeigniter4\framework\system\CodeIgniter.php(918): App\Controllers\Home->menuManger()
#6 C:\xampp\htdocs\artwork\vendor\codeigniter4\framework\system\CodeIgniter.php(404): CodeIgniter\CodeIgniter->runController(Object(App\Controllers\Home))
#7 C:\xampp\htdocs\artwork\vendor\codeigniter4\framework\system\CodeIgniter.php(312): CodeIgniter\CodeIgniter->handleRequest(NULL, Object(Config\Cache), false)
#8 C:\xampp\htdocs\artwork\public\index.php(45): CodeIgniter\CodeIgniter->run()
#9 {main}
CRITICAL - 2020-11-23 10:03:03 --> Call to undefined function set_value()
#0 C:\xampp\htdocs\artwork\vendor\codeigniter4\framework\system\View\View.php(246): include()
#1 C:\xampp\htdocs\artwork\vendor\codeigniter4\framework\system\Common.php(1119): CodeIgniter\View\View->render('login', Array, true)
#2 C:\xampp\htdocs\artwork\app\Controllers\Users.php(10): view('login')
#3 C:\xampp\htdocs\artwork\vendor\codeigniter4\framework\system\CodeIgniter.php(918): App\Controllers\Users->index()
#4 C:\xampp\htdocs\artwork\vendor\codeigniter4\framework\system\CodeIgniter.php(404): CodeIgniter\CodeIgniter->runController(Object(App\Controllers\Users))
#5 C:\xampp\htdocs\artwork\vendor\codeigniter4\framework\system\CodeIgniter.php(312): CodeIgniter\CodeIgniter->handleRequest(NULL, Object(Config\Cache), false)
#6 C:\xampp\htdocs\artwork\public\index.php(45): CodeIgniter\CodeIgniter->run()
#7 {main}
CRITICAL - 2020-11-23 10:03:10 --> Call to undefined function set_value()
#0 C:\xampp\htdocs\artwork\vendor\codeigniter4\framework\system\View\View.php(246): include()
#1 C:\xampp\htdocs\artwork\vendor\codeigniter4\framework\system\Common.php(1119): CodeIgniter\View\View->render('login', Array, true)
#2 C:\xampp\htdocs\artwork\app\Controllers\Users.php(10): view('login')
#3 C:\xampp\htdocs\artwork\vendor\codeigniter4\framework\system\CodeIgniter.php(918): App\Controllers\Users->index()
#4 C:\xampp\htdocs\artwork\vendor\codeigniter4\framework\system\CodeIgniter.php(404): CodeIgniter\CodeIgniter->runController(Object(App\Controllers\Users))
#5 C:\xampp\htdocs\artwork\vendor\codeigniter4\framework\system\CodeIgniter.php(312): CodeIgniter\CodeIgniter->handleRequest(NULL, Object(Config\Cache), false)
#6 C:\xampp\htdocs\artwork\public\index.php(45): CodeIgniter\CodeIgniter->run()
#7 {main}
CRITICAL - 2020-11-23 10:03:11 --> Call to undefined function set_value()
#0 C:\xampp\htdocs\artwork\vendor\codeigniter4\framework\system\View\View.php(246): include()
#1 C:\xampp\htdocs\artwork\vendor\codeigniter4\framework\system\Common.php(1119): CodeIgniter\View\View->render('login', Array, true)
#2 C:\xampp\htdocs\artwork\app\Controllers\Users.php(10): view('login')
#3 C:\xampp\htdocs\artwork\vendor\codeigniter4\framework\system\CodeIgniter.php(918): App\Controllers\Users->index()
#4 C:\xampp\htdocs\artwork\vendor\codeigniter4\framework\system\CodeIgniter.php(404): CodeIgniter\CodeIgniter->runController(Object(App\Controllers\Users))
#5 C:\xampp\htdocs\artwork\vendor\codeigniter4\framework\system\CodeIgniter.php(312): CodeIgniter\CodeIgniter->handleRequest(NULL, Object(Config\Cache), false)
#6 C:\xampp\htdocs\artwork\public\index.php(45): CodeIgniter\CodeIgniter->run()
#7 {main}
CRITICAL - 2020-11-23 10:05:54 --> validateUser is not a valid rule.
#0 C:\xampp\htdocs\artwork\vendor\codeigniter4\framework\system\Validation\Validation.php(333): CodeIgniter\Validation\Exceptions\ValidationException::forRuleNotFound('validateUser')
#1 C:\xampp\htdocs\artwork\vendor\codeigniter4\framework\system\Validation\Validation.php(189): CodeIgniter\Validation\Validation->processRules('password', 'password', '12345678', Array, Array)
#2 C:\xampp\htdocs\artwork\vendor\codeigniter4\framework\system\Controller.php(219): CodeIgniter\Validation\Validation->run()
#3 C:\xampp\htdocs\artwork\app\Controllers\Users.php(31): CodeIgniter\Controller->validate(Array, Array)
#4 C:\xampp\htdocs\artwork\vendor\codeigniter4\framework\system\CodeIgniter.php(918): App\Controllers\Users->login()
#5 C:\xampp\htdocs\artwork\vendor\codeigniter4\framework\system\CodeIgniter.php(404): CodeIgniter\CodeIgniter->runController(Object(App\Controllers\Users))
#6 C:\xampp\htdocs\artwork\vendor\codeigniter4\framework\system\CodeIgniter.php(312): CodeIgniter\CodeIgniter->handleRequest(NULL, Object(Config\Cache), false)
#7 C:\xampp\htdocs\artwork\public\index.php(45): CodeIgniter\CodeIgniter->run()
#8 {main}
CRITICAL - 2020-11-23 10:07:39 --> validateUser is not a valid rule.
#0 C:\xampp\htdocs\artwork\vendor\codeigniter4\framework\system\Validation\Validation.php(333): CodeIgniter\Validation\Exceptions\ValidationException::forRuleNotFound('validateUser')
#1 C:\xampp\htdocs\artwork\vendor\codeigniter4\framework\system\Validation\Validation.php(189): CodeIgniter\Validation\Validation->processRules('password', 'password', '12345678', Array, Array)
#2 C:\xampp\htdocs\artwork\vendor\codeigniter4\framework\system\Controller.php(219): CodeIgniter\Validation\Validation->run()
#3 C:\xampp\htdocs\artwork\app\Controllers\Users.php(30): CodeIgniter\Controller->validate(Array, Array)
#4 C:\xampp\htdocs\artwork\vendor\codeigniter4\framework\system\CodeIgniter.php(918): App\Controllers\Users->login()
#5 C:\xampp\htdocs\artwork\vendor\codeigniter4\framework\system\CodeIgniter.php(404): CodeIgniter\CodeIgniter->runController(Object(App\Controllers\Users))
#6 C:\xampp\htdocs\artwork\vendor\codeigniter4\framework\system\CodeIgniter.php(312): CodeIgniter\CodeIgniter->handleRequest(NULL, Object(Config\Cache), false)
#7 C:\xampp\htdocs\artwork\public\index.php(45): CodeIgniter\CodeIgniter->run()
#8 {main}
CRITICAL - 2020-11-23 10:13:27 --> noauth filter must have a matching alias defined.
#0 C:\xampp\htdocs\artwork\vendor\codeigniter4\framework\system\Filters\Filters.php(324): CodeIgniter\Filters\Exceptions\FilterException::forNoAlias('noauth')
#1 C:\xampp\htdocs\artwork\vendor\codeigniter4\framework\system\CodeIgniter.php(373): CodeIgniter\Filters\Filters->enableFilter('noauth', 'before')
#2 C:\xampp\htdocs\artwork\vendor\codeigniter4\framework\system\CodeIgniter.php(312): CodeIgniter\CodeIgniter->handleRequest(NULL, Object(Config\Cache), false)
#3 C:\xampp\htdocs\artwork\public\index.php(45): CodeIgniter\CodeIgniter->run()
#4 {main}
CRITICAL - 2020-11-23 10:25:56 --> validateUser is not a valid rule.
#0 C:\xampp\htdocs\artwork\vendor\codeigniter4\framework\system\Validation\Validation.php(333): CodeIgniter\Validation\Exceptions\ValidationException::forRuleNotFound('validateUser')
#1 C:\xampp\htdocs\artwork\vendor\codeigniter4\framework\system\Validation\Validation.php(189): CodeIgniter\Validation\Validation->processRules('password', 'password', '12345678', Array, Array)
#2 C:\xampp\htdocs\artwork\vendor\codeigniter4\framework\system\Controller.php(219): CodeIgniter\Validation\Validation->run()
#3 C:\xampp\htdocs\artwork\app\Controllers\Users.php(30): CodeIgniter\Controller->validate(Array, Array)
#4 C:\xampp\htdocs\artwork\vendor\codeigniter4\framework\system\CodeIgniter.php(918): App\Controllers\Users->login()
#5 C:\xampp\htdocs\artwork\vendor\codeigniter4\framework\system\CodeIgniter.php(404): CodeIgniter\CodeIgniter->runController(Object(App\Controllers\Users))
#6 C:\xampp\htdocs\artwork\vendor\codeigniter4\framework\system\CodeIgniter.php(312): CodeIgniter\CodeIgniter->handleRequest(NULL, Object(Config\Cache), false)
#7 C:\xampp\htdocs\artwork\public\index.php(45): CodeIgniter\CodeIgniter->run()
#8 {main}
CRITICAL - 2020-11-23 10:27:32 --> validateUser is not a valid rule.
#0 C:\xampp\htdocs\artwork\vendor\codeigniter4\framework\system\Validation\Validation.php(333): CodeIgniter\Validation\Exceptions\ValidationException::forRuleNotFound('validateUser')
#1 C:\xampp\htdocs\artwork\vendor\codeigniter4\framework\system\Validation\Validation.php(189): CodeIgniter\Validation\Validation->processRules('password', 'password', '12345678', Array, Array)
#2 C:\xampp\htdocs\artwork\vendor\codeigniter4\framework\system\Controller.php(219): CodeIgniter\Validation\Validation->run()
#3 C:\xampp\htdocs\artwork\app\Controllers\Users.php(30): CodeIgniter\Controller->validate(Array, Array)
#4 C:\xampp\htdocs\artwork\vendor\codeigniter4\framework\system\CodeIgniter.php(918): App\Controllers\Users->login()
#5 C:\xampp\htdocs\artwork\vendor\codeigniter4\framework\system\CodeIgniter.php(404): CodeIgniter\CodeIgniter->runController(Object(App\Controllers\Users))
#6 C:\xampp\htdocs\artwork\vendor\codeigniter4\framework\system\CodeIgniter.php(312): CodeIgniter\CodeIgniter->handleRequest(NULL, Object(Config\Cache), false)
#7 C:\xampp\htdocs\artwork\public\index.php(45): CodeIgniter\CodeIgniter->run()
#8 {main}
CRITICAL - 2020-11-23 10:27:49 --> validateUser is not a valid rule.
#0 C:\xampp\htdocs\artwork\vendor\codeigniter4\framework\system\Validation\Validation.php(333): CodeIgniter\Validation\Exceptions\ValidationException::forRuleNotFound('validateUser')
#1 C:\xampp\htdocs\artwork\vendor\codeigniter4\framework\system\Validation\Validation.php(189): CodeIgniter\Validation\Validation->processRules('password', 'password', '12345678', Array, Array)
#2 C:\xampp\htdocs\artwork\vendor\codeigniter4\framework\system\Controller.php(219): CodeIgniter\Validation\Validation->run()
#3 C:\xampp\htdocs\artwork\app\Controllers\Users.php(30): CodeIgniter\Controller->validate(Array, Array)
#4 C:\xampp\htdocs\artwork\vendor\codeigniter4\framework\system\CodeIgniter.php(918): App\Controllers\Users->login()
#5 C:\xampp\htdocs\artwork\vendor\codeigniter4\framework\system\CodeIgniter.php(404): CodeIgniter\CodeIgniter->runController(Object(App\Controllers\Users))
#6 C:\xampp\htdocs\artwork\vendor\codeigniter4\framework\system\CodeIgniter.php(312): CodeIgniter\CodeIgniter->handleRequest(NULL, Object(Config\Cache), false)
#7 C:\xampp\htdocs\artwork\public\index.php(45): CodeIgniter\CodeIgniter->run()
#8 {main}
CRITICAL - 2020-11-23 10:29:50 --> validateUser is not a valid rule.
#0 C:\xampp\htdocs\artwork\vendor\codeigniter4\framework\system\Validation\Validation.php(333): CodeIgniter\Validation\Exceptions\ValidationException::forRuleNotFound('validateUser')
#1 C:\xampp\htdocs\artwork\vendor\codeigniter4\framework\system\Validation\Validation.php(189): CodeIgniter\Validation\Validation->processRules('password', 'password', '12345678', Array, Array)
#2 C:\xampp\htdocs\artwork\vendor\codeigniter4\framework\system\Controller.php(219): CodeIgniter\Validation\Validation->run()
#3 C:\xampp\htdocs\artwork\app\Controllers\Users.php(30): CodeIgniter\Controller->validate(Array, Array)
#4 C:\xampp\htdocs\artwork\vendor\codeigniter4\framework\system\CodeIgniter.php(918): App\Controllers\Users->login()
#5 C:\xampp\htdocs\artwork\vendor\codeigniter4\framework\system\CodeIgniter.php(404): CodeIgniter\CodeIgniter->runController(Object(App\Controllers\Users))
#6 C:\xampp\htdocs\artwork\vendor\codeigniter4\framework\system\CodeIgniter.php(312): CodeIgniter\CodeIgniter->handleRequest(NULL, Object(Config\Cache), false)
#7 C:\xampp\htdocs\artwork\public\index.php(45): CodeIgniter\CodeIgniter->run()
#8 {main}
CRITICAL - 2020-11-23 10:42:53 --> Call to undefined method App\Models\UserModel::andwhere
#0 C:\xampp\htdocs\artwork\app\Controllers\Users.php(35): CodeIgniter\Model->__call('andwhere', Array)
#1 C:\xampp\htdocs\artwork\vendor\codeigniter4\framework\system\CodeIgniter.php(918): App\Controllers\Users->login()
#2 C:\xampp\htdocs\artwork\vendor\codeigniter4\framework\system\CodeIgniter.php(404): CodeIgniter\CodeIgniter->runController(Object(App\Controllers\Users))
#3 C:\xampp\htdocs\artwork\vendor\codeigniter4\framework\system\CodeIgniter.php(312): CodeIgniter\CodeIgniter->handleRequest(NULL, Object(Config\Cache), false)
#4 C:\xampp\htdocs\artwork\public\index.php(45): CodeIgniter\CodeIgniter->run()
#5 {main}
CRITICAL - 2020-11-23 10:59:01 --> Call to undefined function set_value()
#0 C:\xampp\htdocs\artwork\vendor\codeigniter4\framework\system\View\View.php(246): include()
#1 C:\xampp\htdocs\artwork\vendor\codeigniter4\framework\system\Common.php(1119): CodeIgniter\View\View->render('login', Array, true)
#2 C:\xampp\htdocs\artwork\app\Controllers\Users.php(102): view('login')
#3 C:\xampp\htdocs\artwork\vendor\codeigniter4\framework\system\CodeIgniter.php(918): App\Controllers\Users->logout()
#4 C:\xampp\htdocs\artwork\vendor\codeigniter4\framework\system\CodeIgniter.php(404): CodeIgniter\CodeIgniter->runController(Object(App\Controllers\Users))
#5 C:\xampp\htdocs\artwork\vendor\codeigniter4\framework\system\CodeIgniter.php(312): CodeIgniter\CodeIgniter->handleRequest(NULL, Object(Config\Cache), false)
#6 C:\xampp\htdocs\artwork\public\index.php(45): CodeIgniter\CodeIgniter->run()
#7 {main}
CRITICAL - 2020-11-23 11:34:50 --> Call to a member function get() on null
#0 C:\xampp\htdocs\artwork\vendor\codeigniter4\framework\system\View\View.php(246): include()
#1 C:\xampp\htdocs\artwork\vendor\codeigniter4\framework\system\View\View.php(257): CodeIgniter\View\View->render('default_layout', Array, true)
#2 C:\xampp\htdocs\artwork\vendor\codeigniter4\framework\system\Common.php(1119): CodeIgniter\View\View->render('menus/create', Array, true)
#3 C:\xampp\htdocs\artwork\app\Controllers\Home.php(52): view('menus/create', Array)
#4 C:\xampp\htdocs\artwork\vendor\codeigniter4\framework\system\CodeIgniter.php(918): App\Controllers\Home->menuCreate()
#5 C:\xampp\htdocs\artwork\vendor\codeigniter4\framework\system\CodeIgniter.php(404): CodeIgniter\CodeIgniter->runController(Object(App\Controllers\Home))
#6 C:\xampp\htdocs\artwork\vendor\codeigniter4\framework\system\CodeIgniter.php(312): CodeIgniter\CodeIgniter->handleRequest(NULL, Object(Config\Cache), false)
#7 C:\xampp\htdocs\artwork\public\index.php(45): CodeIgniter\CodeIgniter->run()
#8 {main}
CRITICAL - 2020-11-23 11:35:03 --> Call to a member function get() on null
#0 C:\xampp\htdocs\artwork\vendor\codeigniter4\framework\system\View\View.php(246): include()
#1 C:\xampp\htdocs\artwork\vendor\codeigniter4\framework\system\View\View.php(257): CodeIgniter\View\View->render('default_layout', Array, true)
#2 C:\xampp\htdocs\artwork\vendor\codeigniter4\framework\system\Common.php(1119): CodeIgniter\View\View->render('menus/create', Array, true)
#3 C:\xampp\htdocs\artwork\app\Controllers\Home.php(52): view('menus/create', Array)
#4 C:\xampp\htdocs\artwork\vendor\codeigniter4\framework\system\CodeIgniter.php(918): App\Controllers\Home->menuCreate()
#5 C:\xampp\htdocs\artwork\vendor\codeigniter4\framework\system\CodeIgniter.php(404): CodeIgniter\CodeIgniter->runController(Object(App\Controllers\Home))
#6 C:\xampp\htdocs\artwork\vendor\codeigniter4\framework\system\CodeIgniter.php(312): CodeIgniter\CodeIgniter->handleRequest(NULL, Object(Config\Cache), false)
#7 C:\xampp\htdocs\artwork\public\index.php(45): CodeIgniter\CodeIgniter->run()
#8 {main}
CRITICAL - 2020-11-23 11:42:33 --> syntax error, unexpected ';', expecting ')'
#0 C:\xampp\htdocs\artwork\vendor\codeigniter4\framework\system\Autoloader\Autoloader.php(296): CodeIgniter\Autoloader\Autoloader->requireFile('C:\\xampp\\htdocs...')
#1 C:\xampp\htdocs\artwork\vendor\codeigniter4\framework\system\Autoloader\Autoloader.php(258): CodeIgniter\Autoloader\Autoloader->loadInNamespace('App\\Controllers...')
#2 [internal function]: CodeIgniter\Autoloader\Autoloader->loadClass('App\\Controllers...')
#3 [internal function]: spl_autoload_call('App\\Controllers...')
#4 C:\xampp\htdocs\artwork\vendor\codeigniter4\framework\system\CodeIgniter.php(869): class_exists('\\App\\Controller...', true)
#5 C:\xampp\htdocs\artwork\vendor\codeigniter4\framework\system\CodeIgniter.php(394): CodeIgniter\CodeIgniter->startController()
#6 C:\xampp\htdocs\artwork\vendor\codeigniter4\framework\system\CodeIgniter.php(312): CodeIgniter\CodeIgniter->handleRequest(NULL, Object(Config\Cache), false)
#7 C:\xampp\htdocs\artwork\public\index.php(45): CodeIgniter\CodeIgniter->run()
#8 {main}
