CRITICAL - 2020-11-27 04:43:43 --> count(): Parameter must be an array or an object that implements Countable
#0 D:\xampp\htdocs\artwork\app\Views\art_works\create.php(25): CodeIgniter\Debug\Exceptions->errorHandler(2, 'count(): Parame...', 'D:\\xampp\\htdocs...', 25, Array)
#1 D:\xampp\htdocs\artwork\vendor\codeigniter4\framework\system\View\View.php(246): include('D:\\xampp\\htdocs...')
#2 D:\xampp\htdocs\artwork\vendor\codeigniter4\framework\system\Common.php(1119): CodeIgniter\View\View->render('art_works/creat...', Array, true)
#3 D:\xampp\htdocs\artwork\app\Controllers\ArtWorks.php(48): view('art_works/creat...')
#4 D:\xampp\htdocs\artwork\vendor\codeigniter4\framework\system\CodeIgniter.php(919): App\Controllers\ArtWorks->create()
#5 D:\xampp\htdocs\artwork\vendor\codeigniter4\framework\system\CodeIgniter.php(405): CodeIgniter\CodeIgniter->runController(Object(App\Controllers\ArtWorks))
#6 D:\xampp\htdocs\artwork\vendor\codeigniter4\framework\system\CodeIgniter.php(313): CodeIgniter\CodeIgniter->handleRequest(NULL, Object(Config\Cache), false)
#7 D:\xampp\htdocs\artwork\public\index.php(45): CodeIgniter\CodeIgniter->run()
#8 {main}
CRITICAL - 2020-11-27 04:44:28 --> Invalid argument supplied for foreach()
#0 D:\xampp\htdocs\artwork\app\Views\default_layout.php(64): CodeIgniter\Debug\Exceptions->errorHandler(2, 'Invalid argumen...', 'D:\\xampp\\htdocs...', 64, Array)
#1 D:\xampp\htdocs\artwork\vendor\codeigniter4\framework\system\View\View.php(246): include('D:\\xampp\\htdocs...')
#2 D:\xampp\htdocs\artwork\vendor\codeigniter4\framework\system\View\View.php(257): CodeIgniter\View\View->render('default_layout', Array, true)
#3 D:\xampp\htdocs\artwork\vendor\codeigniter4\framework\system\Common.php(1119): CodeIgniter\View\View->render('art_works/creat...', Array, true)
#4 D:\xampp\htdocs\artwork\app\Controllers\ArtWorks.php(48): view('art_works/creat...')
#5 D:\xampp\htdocs\artwork\vendor\codeigniter4\framework\system\CodeIgniter.php(919): App\Controllers\ArtWorks->create()
#6 D:\xampp\htdocs\artwork\vendor\codeigniter4\framework\system\CodeIgniter.php(405): CodeIgniter\CodeIgniter->runController(Object(App\Controllers\ArtWorks))
#7 D:\xampp\htdocs\artwork\vendor\codeigniter4\framework\system\CodeIgniter.php(313): CodeIgniter\CodeIgniter->handleRequest(NULL, Object(Config\Cache), false)
#8 D:\xampp\htdocs\artwork\public\index.php(45): CodeIgniter\CodeIgniter->run()
#9 {main}
CRITICAL - 2020-11-27 04:45:51 --> Call to undefined function set_value()
#0 D:\xampp\htdocs\artwork\vendor\codeigniter4\framework\system\View\View.php(246): include()
#1 D:\xampp\htdocs\artwork\vendor\codeigniter4\framework\system\Common.php(1119): CodeIgniter\View\View->render('art_works/creat...', Array, true)
#2 D:\xampp\htdocs\artwork\app\Controllers\ArtWorks.php(48): view('art_works/creat...', Array)
#3 D:\xampp\htdocs\artwork\vendor\codeigniter4\framework\system\CodeIgniter.php(919): App\Controllers\ArtWorks->create()
#4 D:\xampp\htdocs\artwork\vendor\codeigniter4\framework\system\CodeIgniter.php(405): CodeIgniter\CodeIgniter->runController(Object(App\Controllers\ArtWorks))
#5 D:\xampp\htdocs\artwork\vendor\codeigniter4\framework\system\CodeIgniter.php(313): CodeIgniter\CodeIgniter->handleRequest(NULL, Object(Config\Cache), false)
#6 D:\xampp\htdocs\artwork\public\index.php(45): CodeIgniter\CodeIgniter->run()
#7 {main}
CRITICAL - 2020-11-27 04:55:29 --> syntax error, unexpected '$data' (T_VARIABLE)
#0 D:\xampp\htdocs\artwork\vendor\codeigniter4\framework\system\Autoloader\Autoloader.php(296): CodeIgniter\Autoloader\Autoloader->requireFile('D:\\xampp\\htdocs...')
#1 D:\xampp\htdocs\artwork\vendor\codeigniter4\framework\system\Autoloader\Autoloader.php(258): CodeIgniter\Autoloader\Autoloader->loadInNamespace('App\\Controllers...')
#2 [internal function]: CodeIgniter\Autoloader\Autoloader->loadClass('App\\Controllers...')
#3 [internal function]: spl_autoload_call('App\\Controllers...')
#4 D:\xampp\htdocs\artwork\vendor\codeigniter4\framework\system\CodeIgniter.php(870): class_exists('\\App\\Controller...', true)
#5 D:\xampp\htdocs\artwork\vendor\codeigniter4\framework\system\CodeIgniter.php(395): CodeIgniter\CodeIgniter->startController()
#6 D:\xampp\htdocs\artwork\vendor\codeigniter4\framework\system\CodeIgniter.php(313): CodeIgniter\CodeIgniter->handleRequest(NULL, Object(Config\Cache), false)
#7 D:\xampp\htdocs\artwork\public\index.php(45): CodeIgniter\CodeIgniter->run()
#8 {main}
CRITICAL - 2020-11-27 05:38:58 --> move_uploaded_file(http://localhost/artwork/public/uploads/download (1).jpg): failed to open stream: HTTP wrapper does not support writeable connections
#0 [internal function]: CodeIgniter\Debug\Exceptions->errorHandler(2, 'move_uploaded_f...', 'D:\\xampp\\htdocs...', 88, Array)
#1 D:\xampp\htdocs\artwork\app\Controllers\ArtWorks.php(88): move_uploaded_file('D:\\xampp\\tmp\\ph...', 'http://localhos...')
#2 D:\xampp\htdocs\artwork\vendor\codeigniter4\framework\system\CodeIgniter.php(919): App\Controllers\ArtWorks->store()
#3 D:\xampp\htdocs\artwork\vendor\codeigniter4\framework\system\CodeIgniter.php(405): CodeIgniter\CodeIgniter->runController(Object(App\Controllers\ArtWorks))
#4 D:\xampp\htdocs\artwork\vendor\codeigniter4\framework\system\CodeIgniter.php(313): CodeIgniter\CodeIgniter->handleRequest(NULL, Object(Config\Cache), false)
#5 D:\xampp\htdocs\artwork\public\index.php(45): CodeIgniter\CodeIgniter->run()
#6 {main}
CRITICAL - 2020-11-27 05:40:14 --> move_uploaded_file(http://localhost/artwork/public/uploads/download (1).jpg): failed to open stream: HTTP wrapper does not support writeable connections
#0 [internal function]: CodeIgniter\Debug\Exceptions->errorHandler(2, 'move_uploaded_f...', 'D:\\xampp\\htdocs...', 88, Array)
#1 D:\xampp\htdocs\artwork\app\Controllers\ArtWorks.php(88): move_uploaded_file('D:\\xampp\\tmp\\ph...', 'http://localhos...')
#2 D:\xampp\htdocs\artwork\vendor\codeigniter4\framework\system\CodeIgniter.php(919): App\Controllers\ArtWorks->store()
#3 D:\xampp\htdocs\artwork\vendor\codeigniter4\framework\system\CodeIgniter.php(405): CodeIgniter\CodeIgniter->runController(Object(App\Controllers\ArtWorks))
#4 D:\xampp\htdocs\artwork\vendor\codeigniter4\framework\system\CodeIgniter.php(313): CodeIgniter\CodeIgniter->handleRequest(NULL, Object(Config\Cache), false)
#5 D:\xampp\htdocs\artwork\public\index.php(45): CodeIgniter\CodeIgniter->run()
#6 {main}
CRITICAL - 2020-11-27 05:40:55 --> move_uploaded_file(http://localhost/artwork/public/uploads/download (1).jpg): failed to open stream: HTTP wrapper does not support writeable connections
#0 [internal function]: CodeIgniter\Debug\Exceptions->errorHandler(2, 'move_uploaded_f...', 'D:\\xampp\\htdocs...', 88, Array)
#1 D:\xampp\htdocs\artwork\app\Controllers\ArtWorks.php(88): move_uploaded_file('D:\\xampp\\tmp\\ph...', 'http://localhos...')
#2 D:\xampp\htdocs\artwork\vendor\codeigniter4\framework\system\CodeIgniter.php(919): App\Controllers\ArtWorks->store()
#3 D:\xampp\htdocs\artwork\vendor\codeigniter4\framework\system\CodeIgniter.php(405): CodeIgniter\CodeIgniter->runController(Object(App\Controllers\ArtWorks))
#4 D:\xampp\htdocs\artwork\vendor\codeigniter4\framework\system\CodeIgniter.php(313): CodeIgniter\CodeIgniter->handleRequest(NULL, Object(Config\Cache), false)
#5 D:\xampp\htdocs\artwork\public\index.php(45): CodeIgniter\CodeIgniter->run()
#6 {main}
CRITICAL - 2020-11-27 05:45:43 --> move_uploaded_file(http://localhost/artwork/public/uploads/download (1).jpg): failed to open stream: HTTP wrapper does not support writeable connections
#0 [internal function]: CodeIgniter\Debug\Exceptions->errorHandler(2, 'move_uploaded_f...', 'D:\\xampp\\htdocs...', 89, Array)
#1 D:\xampp\htdocs\artwork\app\Controllers\ArtWorks.php(89): move_uploaded_file('D:\\xampp\\tmp\\ph...', 'http://localhos...')
#2 D:\xampp\htdocs\artwork\vendor\codeigniter4\framework\system\CodeIgniter.php(919): App\Controllers\ArtWorks->store()
#3 D:\xampp\htdocs\artwork\vendor\codeigniter4\framework\system\CodeIgniter.php(405): CodeIgniter\CodeIgniter->runController(Object(App\Controllers\ArtWorks))
#4 D:\xampp\htdocs\artwork\vendor\codeigniter4\framework\system\CodeIgniter.php(313): CodeIgniter\CodeIgniter->handleRequest(NULL, Object(Config\Cache), false)
#5 D:\xampp\htdocs\artwork\public\index.php(45): CodeIgniter\CodeIgniter->run()
#6 {main}
CRITICAL - 2020-11-27 05:50:22 --> move_uploaded_file(http://localhost/artwork/public/uploads/download (1).jpg): failed to open stream: HTTP wrapper does not support writeable connections
#0 [internal function]: CodeIgniter\Debug\Exceptions->errorHandler(2, 'move_uploaded_f...', 'D:\\xampp\\htdocs...', 89, Array)
#1 D:\xampp\htdocs\artwork\app\Controllers\ArtWorks.php(89): move_uploaded_file('D:\\xampp\\tmp\\ph...', 'http://localhos...')
#2 D:\xampp\htdocs\artwork\vendor\codeigniter4\framework\system\CodeIgniter.php(919): App\Controllers\ArtWorks->store()
#3 D:\xampp\htdocs\artwork\vendor\codeigniter4\framework\system\CodeIgniter.php(405): CodeIgniter\CodeIgniter->runController(Object(App\Controllers\ArtWorks))
#4 D:\xampp\htdocs\artwork\vendor\codeigniter4\framework\system\CodeIgniter.php(313): CodeIgniter\CodeIgniter->handleRequest(NULL, Object(Config\Cache), false)
#5 D:\xampp\htdocs\artwork\public\index.php(45): CodeIgniter\CodeIgniter->run()
#6 {main}
CRITICAL - 2020-11-27 05:52:15 --> move_uploaded_file(http://localhost/artwork/public/uploads/download (1).jpg): failed to open stream: HTTP wrapper does not support writeable connections
#0 [internal function]: CodeIgniter\Debug\Exceptions->errorHandler(2, 'move_uploaded_f...', 'D:\\xampp\\htdocs...', 89, Array)
#1 D:\xampp\htdocs\artwork\app\Controllers\ArtWorks.php(89): move_uploaded_file('D:\\xampp\\tmp\\ph...', 'http://localhos...')
#2 D:\xampp\htdocs\artwork\vendor\codeigniter4\framework\system\CodeIgniter.php(919): App\Controllers\ArtWorks->store()
#3 D:\xampp\htdocs\artwork\vendor\codeigniter4\framework\system\CodeIgniter.php(405): CodeIgniter\CodeIgniter->runController(Object(App\Controllers\ArtWorks))
#4 D:\xampp\htdocs\artwork\vendor\codeigniter4\framework\system\CodeIgniter.php(313): CodeIgniter\CodeIgniter->handleRequest(NULL, Object(Config\Cache), false)
#5 D:\xampp\htdocs\artwork\public\index.php(45): CodeIgniter\CodeIgniter->run()
#6 {main}
CRITICAL - 2020-11-27 06:00:04 --> move_uploaded_file(http://localhost/artwork/public/uploads/download (2).jpg): failed to open stream: HTTP wrapper does not support writeable connections
#0 [internal function]: CodeIgniter\Debug\Exceptions->errorHandler(2, 'move_uploaded_f...', 'D:\\xampp\\htdocs...', 89, Array)
#1 D:\xampp\htdocs\artwork\app\Controllers\ArtWorks.php(89): move_uploaded_file('D:\\xampp\\tmp\\ph...', 'http://localhos...')
#2 D:\xampp\htdocs\artwork\vendor\codeigniter4\framework\system\CodeIgniter.php(919): App\Controllers\ArtWorks->store()
#3 D:\xampp\htdocs\artwork\vendor\codeigniter4\framework\system\CodeIgniter.php(405): CodeIgniter\CodeIgniter->runController(Object(App\Controllers\ArtWorks))
#4 D:\xampp\htdocs\artwork\vendor\codeigniter4\framework\system\CodeIgniter.php(313): CodeIgniter\CodeIgniter->handleRequest(NULL, Object(Config\Cache), false)
#5 D:\xampp\htdocs\artwork\public\index.php(45): CodeIgniter\CodeIgniter->run()
#6 {main}
CRITICAL - 2020-11-27 06:03:20 --> move_uploaded_file(http://localhost/artwork/public/uploads/download (2).jpg): failed to open stream: HTTP wrapper does not support writeable connections
#0 [internal function]: CodeIgniter\Debug\Exceptions->errorHandler(2, 'move_uploaded_f...', 'D:\\xampp\\htdocs...', 88, Array)
#1 D:\xampp\htdocs\artwork\app\Controllers\ArtWorks.php(88): move_uploaded_file('D:\\xampp\\tmp\\ph...', 'http://localhos...')
#2 D:\xampp\htdocs\artwork\vendor\codeigniter4\framework\system\CodeIgniter.php(919): App\Controllers\ArtWorks->store()
#3 D:\xampp\htdocs\artwork\vendor\codeigniter4\framework\system\CodeIgniter.php(405): CodeIgniter\CodeIgniter->runController(Object(App\Controllers\ArtWorks))
#4 D:\xampp\htdocs\artwork\vendor\codeigniter4\framework\system\CodeIgniter.php(313): CodeIgniter\CodeIgniter->handleRequest(NULL, Object(Config\Cache), false)
#5 D:\xampp\htdocs\artwork\public\index.php(45): CodeIgniter\CodeIgniter->run()
#6 {main}
CRITICAL - 2020-11-27 06:11:44 --> Call to a member function move() on array
#0 D:\xampp\htdocs\artwork\vendor\codeigniter4\framework\system\CodeIgniter.php(919): App\Controllers\ArtWorks->store()
#1 D:\xampp\htdocs\artwork\vendor\codeigniter4\framework\system\CodeIgniter.php(405): CodeIgniter\CodeIgniter->runController(Object(App\Controllers\ArtWorks))
#2 D:\xampp\htdocs\artwork\vendor\codeigniter4\framework\system\CodeIgniter.php(313): CodeIgniter\CodeIgniter->handleRequest(NULL, Object(Config\Cache), false)
#3 D:\xampp\htdocs\artwork\public\index.php(45): CodeIgniter\CodeIgniter->run()
#4 {main}
CRITICAL - 2020-11-27 06:11:53 --> Call to a member function move() on array
#0 D:\xampp\htdocs\artwork\vendor\codeigniter4\framework\system\CodeIgniter.php(919): App\Controllers\ArtWorks->store()
#1 D:\xampp\htdocs\artwork\vendor\codeigniter4\framework\system\CodeIgniter.php(405): CodeIgniter\CodeIgniter->runController(Object(App\Controllers\ArtWorks))
#2 D:\xampp\htdocs\artwork\vendor\codeigniter4\framework\system\CodeIgniter.php(313): CodeIgniter\CodeIgniter->handleRequest(NULL, Object(Config\Cache), false)
#3 D:\xampp\htdocs\artwork\public\index.php(45): CodeIgniter\CodeIgniter->run()
#4 {main}
CRITICAL - 2020-11-27 06:12:00 --> Call to a member function move() on array
#0 D:\xampp\htdocs\artwork\vendor\codeigniter4\framework\system\CodeIgniter.php(919): App\Controllers\ArtWorks->store()
#1 D:\xampp\htdocs\artwork\vendor\codeigniter4\framework\system\CodeIgniter.php(405): CodeIgniter\CodeIgniter->runController(Object(App\Controllers\ArtWorks))
#2 D:\xampp\htdocs\artwork\vendor\codeigniter4\framework\system\CodeIgniter.php(313): CodeIgniter\CodeIgniter->handleRequest(NULL, Object(Config\Cache), false)
#3 D:\xampp\htdocs\artwork\public\index.php(45): CodeIgniter\CodeIgniter->run()
#4 {main}
CRITICAL - 2020-11-27 06:12:11 --> move_uploaded_file(http://localhost/artwork/public/uploads/download (2).jpg): failed to open stream: HTTP wrapper does not support writeable connections
#0 [internal function]: CodeIgniter\Debug\Exceptions->errorHandler(2, 'move_uploaded_f...', 'D:\\xampp\\htdocs...', 90, Array)
#1 D:\xampp\htdocs\artwork\app\Controllers\ArtWorks.php(90): move_uploaded_file('D:\\xampp\\tmp\\ph...', 'http://localhos...')
#2 D:\xampp\htdocs\artwork\vendor\codeigniter4\framework\system\CodeIgniter.php(919): App\Controllers\ArtWorks->store()
#3 D:\xampp\htdocs\artwork\vendor\codeigniter4\framework\system\CodeIgniter.php(405): CodeIgniter\CodeIgniter->runController(Object(App\Controllers\ArtWorks))
#4 D:\xampp\htdocs\artwork\vendor\codeigniter4\framework\system\CodeIgniter.php(313): CodeIgniter\CodeIgniter->handleRequest(NULL, Object(Config\Cache), false)
#5 D:\xampp\htdocs\artwork\public\index.php(45): CodeIgniter\CodeIgniter->run()
#6 {main}
CRITICAL - 2020-11-27 06:15:01 --> Invalid argument supplied for foreach()
#0 D:\xampp\htdocs\artwork\app\Controllers\ArtWorks.php(75): CodeIgniter\Debug\Exceptions->errorHandler(2, 'Invalid argumen...', 'D:\\xampp\\htdocs...', 75, Array)
#1 D:\xampp\htdocs\artwork\vendor\codeigniter4\framework\system\CodeIgniter.php(919): App\Controllers\ArtWorks->store()
#2 D:\xampp\htdocs\artwork\vendor\codeigniter4\framework\system\CodeIgniter.php(405): CodeIgniter\CodeIgniter->runController(Object(App\Controllers\ArtWorks))
#3 D:\xampp\htdocs\artwork\vendor\codeigniter4\framework\system\CodeIgniter.php(313): CodeIgniter\CodeIgniter->handleRequest(NULL, Object(Config\Cache), false)
#4 D:\xampp\htdocs\artwork\public\index.php(45): CodeIgniter\CodeIgniter->run()
#5 {main}
CRITICAL - 2020-11-27 06:17:31 --> fopen(http://localhost/artwork/public/uploads/uploadsindex.html): failed to open stream: HTTP wrapper does not support writeable connections
#0 [internal function]: CodeIgniter\Debug\Exceptions->errorHandler(2, 'fopen(http://lo...', 'D:\\xampp\\htdocs...', 216, Array)
#1 D:\xampp\htdocs\artwork\vendor\codeigniter4\framework\system\HTTP\Files\UploadedFile.php(216): fopen('http://localhos...', 'x+')
#2 D:\xampp\htdocs\artwork\vendor\codeigniter4\framework\system\HTTP\Files\UploadedFile.php(163): CodeIgniter\HTTP\Files\UploadedFile->setPath('http://localhos...')
#3 D:\xampp\htdocs\artwork\app\Controllers\ArtWorks.php(81): CodeIgniter\HTTP\Files\UploadedFile->move('http://localhos...', '1606479451_b6f2...')
#4 D:\xampp\htdocs\artwork\vendor\codeigniter4\framework\system\CodeIgniter.php(919): App\Controllers\ArtWorks->store()
#5 D:\xampp\htdocs\artwork\vendor\codeigniter4\framework\system\CodeIgniter.php(405): CodeIgniter\CodeIgniter->runController(Object(App\Controllers\ArtWorks))
#6 D:\xampp\htdocs\artwork\vendor\codeigniter4\framework\system\CodeIgniter.php(313): CodeIgniter\CodeIgniter->handleRequest(NULL, Object(Config\Cache), false)
#7 D:\xampp\htdocs\artwork\public\index.php(45): CodeIgniter\CodeIgniter->run()
#8 {main}
CRITICAL - 2020-11-27 06:18:07 --> fopen(http://localhost/artwork/public/uploads/uploadsindex.html): failed to open stream: HTTP wrapper does not support writeable connections
#0 [internal function]: CodeIgniter\Debug\Exceptions->errorHandler(2, 'fopen(http://lo...', 'D:\\xampp\\htdocs...', 216, Array)
#1 D:\xampp\htdocs\artwork\vendor\codeigniter4\framework\system\HTTP\Files\UploadedFile.php(216): fopen('http://localhos...', 'x+')
#2 D:\xampp\htdocs\artwork\vendor\codeigniter4\framework\system\HTTP\Files\UploadedFile.php(163): CodeIgniter\HTTP\Files\UploadedFile->setPath('http://localhos...')
#3 D:\xampp\htdocs\artwork\app\Controllers\ArtWorks.php(81): CodeIgniter\HTTP\Files\UploadedFile->move('http://localhos...', '1606479487_88b2...')
#4 D:\xampp\htdocs\artwork\vendor\codeigniter4\framework\system\CodeIgniter.php(919): App\Controllers\ArtWorks->store()
#5 D:\xampp\htdocs\artwork\vendor\codeigniter4\framework\system\CodeIgniter.php(405): CodeIgniter\CodeIgniter->runController(Object(App\Controllers\ArtWorks))
#6 D:\xampp\htdocs\artwork\vendor\codeigniter4\framework\system\CodeIgniter.php(313): CodeIgniter\CodeIgniter->handleRequest(NULL, Object(Config\Cache), false)
#7 D:\xampp\htdocs\artwork\public\index.php(45): CodeIgniter\CodeIgniter->run()
#8 {main}
CRITICAL - 2020-11-27 06:26:37 --> syntax error, unexpected '=', expecting ']'
#0 D:\xampp\htdocs\artwork\vendor\codeigniter4\framework\system\Autoloader\Autoloader.php(296): CodeIgniter\Autoloader\Autoloader->requireFile('D:\\xampp\\htdocs...')
#1 D:\xampp\htdocs\artwork\vendor\codeigniter4\framework\system\Autoloader\Autoloader.php(258): CodeIgniter\Autoloader\Autoloader->loadInNamespace('App\\Controllers...')
#2 [internal function]: CodeIgniter\Autoloader\Autoloader->loadClass('App\\Controllers...')
#3 [internal function]: spl_autoload_call('App\\Controllers...')
#4 D:\xampp\htdocs\artwork\vendor\codeigniter4\framework\system\CodeIgniter.php(870): class_exists('\\App\\Controller...', true)
#5 D:\xampp\htdocs\artwork\vendor\codeigniter4\framework\system\CodeIgniter.php(395): CodeIgniter\CodeIgniter->startController()
#6 D:\xampp\htdocs\artwork\vendor\codeigniter4\framework\system\CodeIgniter.php(313): CodeIgniter\CodeIgniter->handleRequest(NULL, Object(Config\Cache), false)
#7 D:\xampp\htdocs\artwork\public\index.php(45): CodeIgniter\CodeIgniter->run()
#8 {main}
CRITICAL - 2020-11-27 06:29:38 --> syntax error, unexpected 'echo' (T_ECHO)
#0 D:\xampp\htdocs\artwork\vendor\codeigniter4\framework\system\Autoloader\Autoloader.php(296): CodeIgniter\Autoloader\Autoloader->requireFile('D:\\xampp\\htdocs...')
#1 D:\xampp\htdocs\artwork\vendor\codeigniter4\framework\system\Autoloader\Autoloader.php(258): CodeIgniter\Autoloader\Autoloader->loadInNamespace('App\\Controllers...')
#2 [internal function]: CodeIgniter\Autoloader\Autoloader->loadClass('App\\Controllers...')
#3 [internal function]: spl_autoload_call('App\\Controllers...')
#4 D:\xampp\htdocs\artwork\vendor\codeigniter4\framework\system\CodeIgniter.php(870): class_exists('\\App\\Controller...', true)
#5 D:\xampp\htdocs\artwork\vendor\codeigniter4\framework\system\CodeIgniter.php(395): CodeIgniter\CodeIgniter->startController()
#6 D:\xampp\htdocs\artwork\vendor\codeigniter4\framework\system\CodeIgniter.php(313): CodeIgniter\CodeIgniter->handleRequest(NULL, Object(Config\Cache), false)
#7 D:\xampp\htdocs\artwork\public\index.php(45): CodeIgniter\CodeIgniter->run()
#8 {main}
CRITICAL - 2020-11-27 07:25:29 --> syntax error, unexpected 'return' (T_RETURN)
#0 D:\xampp\htdocs\artwork\vendor\codeigniter4\framework\system\Autoloader\Autoloader.php(296): CodeIgniter\Autoloader\Autoloader->requireFile('D:\\xampp\\htdocs...')
#1 D:\xampp\htdocs\artwork\vendor\codeigniter4\framework\system\Autoloader\Autoloader.php(258): CodeIgniter\Autoloader\Autoloader->loadInNamespace('App\\Controllers...')
#2 [internal function]: CodeIgniter\Autoloader\Autoloader->loadClass('App\\Controllers...')
#3 [internal function]: spl_autoload_call('App\\Controllers...')
#4 D:\xampp\htdocs\artwork\vendor\codeigniter4\framework\system\CodeIgniter.php(870): class_exists('\\App\\Controller...', true)
#5 D:\xampp\htdocs\artwork\vendor\codeigniter4\framework\system\CodeIgniter.php(395): CodeIgniter\CodeIgniter->startController()
#6 D:\xampp\htdocs\artwork\vendor\codeigniter4\framework\system\CodeIgniter.php(313): CodeIgniter\CodeIgniter->handleRequest(NULL, Object(Config\Cache), false)
#7 D:\xampp\htdocs\artwork\public\index.php(45): CodeIgniter\CodeIgniter->run()
#8 {main}
CRITICAL - 2020-11-27 07:25:50 --> syntax error, unexpected ';', expecting ']'
#0 D:\xampp\htdocs\artwork\vendor\codeigniter4\framework\system\Autoloader\Autoloader.php(296): CodeIgniter\Autoloader\Autoloader->requireFile('D:\\xampp\\htdocs...')
#1 D:\xampp\htdocs\artwork\vendor\codeigniter4\framework\system\Autoloader\Autoloader.php(258): CodeIgniter\Autoloader\Autoloader->loadInNamespace('App\\Controllers...')
#2 [internal function]: CodeIgniter\Autoloader\Autoloader->loadClass('App\\Controllers...')
#3 [internal function]: spl_autoload_call('App\\Controllers...')
#4 D:\xampp\htdocs\artwork\vendor\codeigniter4\framework\system\CodeIgniter.php(870): class_exists('\\App\\Controller...', true)
#5 D:\xampp\htdocs\artwork\vendor\codeigniter4\framework\system\CodeIgniter.php(395): CodeIgniter\CodeIgniter->startController()
#6 D:\xampp\htdocs\artwork\vendor\codeigniter4\framework\system\CodeIgniter.php(313): CodeIgniter\CodeIgniter->handleRequest(NULL, Object(Config\Cache), false)
#7 D:\xampp\htdocs\artwork\public\index.php(45): CodeIgniter\CodeIgniter->run()
#8 {main}
CRITICAL - 2020-11-27 07:26:00 --> Call to undefined function App\Controllers\arry_marge()
#0 D:\xampp\htdocs\artwork\vendor\codeigniter4\framework\system\CodeIgniter.php(919): App\Controllers\ArtWorks->ajaxLoadData()
#1 D:\xampp\htdocs\artwork\vendor\codeigniter4\framework\system\CodeIgniter.php(405): CodeIgniter\CodeIgniter->runController(Object(App\Controllers\ArtWorks))
#2 D:\xampp\htdocs\artwork\vendor\codeigniter4\framework\system\CodeIgniter.php(313): CodeIgniter\CodeIgniter->handleRequest(NULL, Object(Config\Cache), false)
#3 D:\xampp\htdocs\artwork\public\index.php(45): CodeIgniter\CodeIgniter->run()
#4 {main}
CRITICAL - 2020-11-27 07:26:11 --> Call to undefined function App\Controllers\arry_marge()
#0 D:\xampp\htdocs\artwork\vendor\codeigniter4\framework\system\CodeIgniter.php(919): App\Controllers\ArtWorks->ajaxLoadData()
#1 D:\xampp\htdocs\artwork\vendor\codeigniter4\framework\system\CodeIgniter.php(405): CodeIgniter\CodeIgniter->runController(Object(App\Controllers\ArtWorks))
#2 D:\xampp\htdocs\artwork\vendor\codeigniter4\framework\system\CodeIgniter.php(313): CodeIgniter\CodeIgniter->handleRequest(NULL, Object(Config\Cache), false)
#3 D:\xampp\htdocs\artwork\public\index.php(45): CodeIgniter\CodeIgniter->run()
#4 {main}
CRITICAL - 2020-11-27 07:26:51 --> Call to undefined function App\Controllers\array_marge()
#0 D:\xampp\htdocs\artwork\vendor\codeigniter4\framework\system\CodeIgniter.php(919): App\Controllers\ArtWorks->ajaxLoadData()
#1 D:\xampp\htdocs\artwork\vendor\codeigniter4\framework\system\CodeIgniter.php(405): CodeIgniter\CodeIgniter->runController(Object(App\Controllers\ArtWorks))
#2 D:\xampp\htdocs\artwork\vendor\codeigniter4\framework\system\CodeIgniter.php(313): CodeIgniter\CodeIgniter->handleRequest(NULL, Object(Config\Cache), false)
#3 D:\xampp\htdocs\artwork\public\index.php(45): CodeIgniter\CodeIgniter->run()
#4 {main}
CRITICAL - 2020-11-27 07:27:22 --> Call to undefined function App\Controllers\array_marge()
#0 D:\xampp\htdocs\artwork\vendor\codeigniter4\framework\system\CodeIgniter.php(919): App\Controllers\ArtWorks->ajaxLoadData()
#1 D:\xampp\htdocs\artwork\vendor\codeigniter4\framework\system\CodeIgniter.php(405): CodeIgniter\CodeIgniter->runController(Object(App\Controllers\ArtWorks))
#2 D:\xampp\htdocs\artwork\vendor\codeigniter4\framework\system\CodeIgniter.php(313): CodeIgniter\CodeIgniter->handleRequest(NULL, Object(Config\Cache), false)
#3 D:\xampp\htdocs\artwork\public\index.php(45): CodeIgniter\CodeIgniter->run()
#4 {main}
CRITICAL - 2020-11-27 07:28:52 --> Call to undefined function App\Controllers\array_marge()
#0 D:\xampp\htdocs\artwork\vendor\codeigniter4\framework\system\CodeIgniter.php(919): App\Controllers\ArtWorks->ajaxLoadData()
#1 D:\xampp\htdocs\artwork\vendor\codeigniter4\framework\system\CodeIgniter.php(405): CodeIgniter\CodeIgniter->runController(Object(App\Controllers\ArtWorks))
#2 D:\xampp\htdocs\artwork\vendor\codeigniter4\framework\system\CodeIgniter.php(313): CodeIgniter\CodeIgniter->handleRequest(NULL, Object(Config\Cache), false)
#3 D:\xampp\htdocs\artwork\public\index.php(45): CodeIgniter\CodeIgniter->run()
#4 {main}
CRITICAL - 2020-11-27 07:29:16 --> Call to undefined function App\Controllers\array_marge()
#0 D:\xampp\htdocs\artwork\vendor\codeigniter4\framework\system\CodeIgniter.php(919): App\Controllers\ArtWorks->ajaxLoadData()
#1 D:\xampp\htdocs\artwork\vendor\codeigniter4\framework\system\CodeIgniter.php(405): CodeIgniter\CodeIgniter->runController(Object(App\Controllers\ArtWorks))
#2 D:\xampp\htdocs\artwork\vendor\codeigniter4\framework\system\CodeIgniter.php(313): CodeIgniter\CodeIgniter->handleRequest(NULL, Object(Config\Cache), false)
#3 D:\xampp\htdocs\artwork\public\index.php(45): CodeIgniter\CodeIgniter->run()
#4 {main}
CRITICAL - 2020-11-27 07:33:47 --> syntax error, unexpected ';', expecting ']'
#0 D:\xampp\htdocs\artwork\vendor\codeigniter4\framework\system\Autoloader\Autoloader.php(296): CodeIgniter\Autoloader\Autoloader->requireFile('D:\\xampp\\htdocs...')
#1 D:\xampp\htdocs\artwork\vendor\codeigniter4\framework\system\Autoloader\Autoloader.php(258): CodeIgniter\Autoloader\Autoloader->loadInNamespace('App\\Controllers...')
#2 [internal function]: CodeIgniter\Autoloader\Autoloader->loadClass('App\\Controllers...')
#3 [internal function]: spl_autoload_call('App\\Controllers...')
#4 D:\xampp\htdocs\artwork\vendor\codeigniter4\framework\system\CodeIgniter.php(870): class_exists('\\App\\Controller...', true)
#5 D:\xampp\htdocs\artwork\vendor\codeigniter4\framework\system\CodeIgniter.php(395): CodeIgniter\CodeIgniter->startController()
#6 D:\xampp\htdocs\artwork\vendor\codeigniter4\framework\system\CodeIgniter.php(313): CodeIgniter\CodeIgniter->handleRequest(NULL, Object(Config\Cache), false)
#7 D:\xampp\htdocs\artwork\public\index.php(45): CodeIgniter\CodeIgniter->run()
#8 {main}
CRITICAL - 2020-11-27 07:34:44 --> syntax error, unexpected ';', expecting ']'
#0 D:\xampp\htdocs\artwork\vendor\codeigniter4\framework\system\Autoloader\Autoloader.php(296): CodeIgniter\Autoloader\Autoloader->requireFile('D:\\xampp\\htdocs...')
#1 D:\xampp\htdocs\artwork\vendor\codeigniter4\framework\system\Autoloader\Autoloader.php(258): CodeIgniter\Autoloader\Autoloader->loadInNamespace('App\\Controllers...')
#2 [internal function]: CodeIgniter\Autoloader\Autoloader->loadClass('App\\Controllers...')
#3 [internal function]: spl_autoload_call('App\\Controllers...')
#4 D:\xampp\htdocs\artwork\vendor\codeigniter4\framework\system\CodeIgniter.php(870): class_exists('\\App\\Controller...', true)
#5 D:\xampp\htdocs\artwork\vendor\codeigniter4\framework\system\CodeIgniter.php(395): CodeIgniter\CodeIgniter->startController()
#6 D:\xampp\htdocs\artwork\vendor\codeigniter4\framework\system\CodeIgniter.php(313): CodeIgniter\CodeIgniter->handleRequest(NULL, Object(Config\Cache), false)
#7 D:\xampp\htdocs\artwork\public\index.php(45): CodeIgniter\CodeIgniter->run()
#8 {main}
CRITICAL - 2020-11-27 07:49:22 --> array_merge(): Expected parameter 1 to be an array, object given
#0 [internal function]: CodeIgniter\Debug\Exceptions->errorHandler(2, 'array_merge(): ...', 'D:\\xampp\\htdocs...', 76, Array)
#1 D:\xampp\htdocs\artwork\app\Controllers\ArtWorks.php(76): array_merge(Object(stdClass), Array)
#2 D:\xampp\htdocs\artwork\vendor\codeigniter4\framework\system\CodeIgniter.php(919): App\Controllers\ArtWorks->ajaxLoadData()
#3 D:\xampp\htdocs\artwork\vendor\codeigniter4\framework\system\CodeIgniter.php(405): CodeIgniter\CodeIgniter->runController(Object(App\Controllers\ArtWorks))
#4 D:\xampp\htdocs\artwork\vendor\codeigniter4\framework\system\CodeIgniter.php(313): CodeIgniter\CodeIgniter->handleRequest(NULL, Object(Config\Cache), false)
#5 D:\xampp\htdocs\artwork\public\index.php(45): CodeIgniter\CodeIgniter->run()
#6 {main}
CRITICAL - 2020-11-27 08:08:05 --> array_merge(): Expected parameter 2 to be an array, object given
#0 [internal function]: CodeIgniter\Debug\Exceptions->errorHandler(2, 'array_merge(): ...', 'D:\\xampp\\htdocs...', 80, Array)
#1 D:\xampp\htdocs\artwork\app\Controllers\ArtWorks.php(80): array_merge(Array, Object(stdClass))
#2 D:\xampp\htdocs\artwork\vendor\codeigniter4\framework\system\CodeIgniter.php(919): App\Controllers\ArtWorks->ajaxLoadData()
#3 D:\xampp\htdocs\artwork\vendor\codeigniter4\framework\system\CodeIgniter.php(405): CodeIgniter\CodeIgniter->runController(Object(App\Controllers\ArtWorks))
#4 D:\xampp\htdocs\artwork\vendor\codeigniter4\framework\system\CodeIgniter.php(313): CodeIgniter\CodeIgniter->handleRequest(NULL, Object(Config\Cache), false)
#5 D:\xampp\htdocs\artwork\public\index.php(45): CodeIgniter\CodeIgniter->run()
#6 {main}
CRITICAL - 2020-11-27 08:14:40 --> syntax error, unexpected ''action'' (T_CONSTANT_ENCAPSED_STRING), expecting ']'
#0 D:\xampp\htdocs\artwork\vendor\codeigniter4\framework\system\Autoloader\Autoloader.php(296): CodeIgniter\Autoloader\Autoloader->requireFile('D:\\xampp\\htdocs...')
#1 D:\xampp\htdocs\artwork\vendor\codeigniter4\framework\system\Autoloader\Autoloader.php(258): CodeIgniter\Autoloader\Autoloader->loadInNamespace('App\\Controllers...')
#2 [internal function]: CodeIgniter\Autoloader\Autoloader->loadClass('App\\Controllers...')
#3 [internal function]: spl_autoload_call('App\\Controllers...')
#4 D:\xampp\htdocs\artwork\vendor\codeigniter4\framework\system\CodeIgniter.php(870): class_exists('\\App\\Controller...', true)
#5 D:\xampp\htdocs\artwork\vendor\codeigniter4\framework\system\CodeIgniter.php(395): CodeIgniter\CodeIgniter->startController()
#6 D:\xampp\htdocs\artwork\vendor\codeigniter4\framework\system\CodeIgniter.php(313): CodeIgniter\CodeIgniter->handleRequest(NULL, Object(Config\Cache), false)
#7 D:\xampp\htdocs\artwork\public\index.php(45): CodeIgniter\CodeIgniter->run()
#8 {main}
CRITICAL - 2020-11-27 08:53:56 --> syntax error, unexpected '$data' (T_VARIABLE)
#0 D:\xampp\htdocs\artwork\vendor\codeigniter4\framework\system\Autoloader\Autoloader.php(296): CodeIgniter\Autoloader\Autoloader->requireFile('D:\\xampp\\htdocs...')
#1 D:\xampp\htdocs\artwork\vendor\codeigniter4\framework\system\Autoloader\Autoloader.php(258): CodeIgniter\Autoloader\Autoloader->loadInNamespace('App\\Controllers...')
#2 [internal function]: CodeIgniter\Autoloader\Autoloader->loadClass('App\\Controllers...')
#3 [internal function]: spl_autoload_call('App\\Controllers...')
#4 D:\xampp\htdocs\artwork\vendor\codeigniter4\framework\system\CodeIgniter.php(870): class_exists('\\App\\Controller...', true)
#5 D:\xampp\htdocs\artwork\vendor\codeigniter4\framework\system\CodeIgniter.php(395): CodeIgniter\CodeIgniter->startController()
#6 D:\xampp\htdocs\artwork\vendor\codeigniter4\framework\system\CodeIgniter.php(313): CodeIgniter\CodeIgniter->handleRequest(NULL, Object(Config\Cache), false)
#7 D:\xampp\htdocs\artwork\public\index.php(45): CodeIgniter\CodeIgniter->run()
#8 {main}
CRITICAL - 2020-11-27 08:56:23 --> syntax error, unexpected '->' (T_OBJECT_OPERATOR)
#0 D:\xampp\htdocs\artwork\vendor\codeigniter4\framework\system\Autoloader\Autoloader.php(296): CodeIgniter\Autoloader\Autoloader->requireFile('D:\\xampp\\htdocs...')
#1 D:\xampp\htdocs\artwork\vendor\codeigniter4\framework\system\Autoloader\Autoloader.php(258): CodeIgniter\Autoloader\Autoloader->loadInNamespace('App\\Controllers...')
#2 [internal function]: CodeIgniter\Autoloader\Autoloader->loadClass('App\\Controllers...')
#3 [internal function]: spl_autoload_call('App\\Controllers...')
#4 D:\xampp\htdocs\artwork\vendor\codeigniter4\framework\system\CodeIgniter.php(870): class_exists('\\App\\Controller...', true)
#5 D:\xampp\htdocs\artwork\vendor\codeigniter4\framework\system\CodeIgniter.php(395): CodeIgniter\CodeIgniter->startController()
#6 D:\xampp\htdocs\artwork\vendor\codeigniter4\framework\system\CodeIgniter.php(313): CodeIgniter\CodeIgniter->handleRequest(NULL, Object(Config\Cache), false)
#7 D:\xampp\htdocs\artwork\public\index.php(45): CodeIgniter\CodeIgniter->run()
#8 {main}
